<?xml version="1.0" encoding="UTF-8"?>
<coverage generated="1758123481064" clover="3.2.0">
  <project timestamp="1758123481064" name="All files">
    <metrics statements="376" coveredstatements="328" conditionals="200" coveredconditionals="148" methods="79" coveredmethods="74" elements="655" coveredelements="550" complexity="0" loc="376" ncloc="376" packages="1" files="5" classes="5"/>
    <file name="ai-service.ts" path="/Users/alexnewhouse/proactivity/dissertation-support/src/ai-service.ts">
      <metrics statements="73" coveredstatements="59" conditionals="36" coveredconditionals="21" methods="20" coveredmethods="16"/>
      <line num="46" count="1" type="stmt"/>
      <line num="48" count="9" type="stmt"/>
      <line num="51" count="9" type="stmt"/>
      <line num="68" count="7" type="stmt"/>
      <line num="70" count="7" type="stmt"/>
      <line num="71" count="7" type="stmt"/>
      <line num="72" count="7" type="stmt"/>
      <line num="74" count="7" type="stmt"/>
      <line num="81" count="5" type="stmt"/>
      <line num="82" count="5" type="stmt"/>
      <line num="85" count="2" type="stmt"/>
      <line num="86" count="2" type="stmt"/>
      <line num="89" count="2" type="stmt"/>
      <line num="102" count="1" type="stmt"/>
      <line num="104" count="1" type="stmt"/>
      <line num="105" count="1" type="stmt"/>
      <line num="106" count="1" type="stmt"/>
      <line num="107" count="1" type="stmt"/>
      <line num="109" count="1" type="stmt"/>
      <line num="116" count="1" type="stmt"/>
      <line num="117" count="1" type="stmt"/>
      <line num="120" count="0" type="stmt"/>
      <line num="121" count="0" type="stmt"/>
      <line num="123" count="0" type="stmt"/>
      <line num="131" count="8" type="stmt"/>
      <line num="133" count="8" type="cond" truecount="2" falsecount="0"/>
      <line num="134" count="1" type="stmt"/>
      <line num="137" count="7" type="cond" truecount="1" falsecount="1"/>
      <line num="138" count="10" type="stmt"/>
      <line num="139" count="10" type="stmt"/>
      <line num="140" count="6" type="stmt"/>
      <line num="141" count="6" type="stmt"/>
      <line num="144" count="4" type="cond" truecount="3" falsecount="1"/>
      <line num="145" count="1" type="stmt"/>
      <line num="149" count="3" type="stmt"/>
      <line num="150" count="3" type="stmt"/>
      <line num="151" count="3" type="stmt"/>
      <line num="155" count="0" type="stmt"/>
      <line num="162" count="10" type="stmt"/>
      <line num="163" count="10" type="stmt"/>
      <line num="165" count="10" type="stmt"/>
      <line num="166" count="10" type="cond" truecount="1" falsecount="3"/>
      <line num="168" count="10" type="stmt"/>
      <line num="170" count="0" type="stmt"/>
      <line num="172" count="0" type="stmt"/>
      <line num="174" count="0" type="stmt"/>
      <line num="177" count="10" type="stmt"/>
      <line num="189" count="10" type="stmt"/>
      <line num="207" count="9" type="cond" truecount="2" falsecount="0"/>
      <line num="208" count="1" type="stmt"/>
      <line num="209" count="1" type="stmt"/>
      <line num="212" count="6" type="stmt"/>
      <line num="213" count="6" type="stmt"/>
      <line num="232" count="0" type="stmt"/>
      <line num="244" count="0" type="stmt"/>
      <line num="251" count="7" type="cond" truecount="2" falsecount="0"/>
      <line num="264" count="8" type="stmt"/>
      <line num="275" count="8" type="stmt"/>
      <line num="282" count="2" type="cond" truecount="1" falsecount="1"/>
      <line num="311" count="0" type="stmt"/>
      <line num="334" count="8" type="cond" truecount="1" falsecount="1"/>
      <line num="335" count="8" type="stmt"/>
      <line num="337" count="0" type="stmt"/>
      <line num="342" count="6" type="cond" truecount="1" falsecount="1"/>
      <line num="343" count="6" type="stmt"/>
      <line num="345" count="0" type="stmt"/>
      <line num="350" count="2" type="cond" truecount="1" falsecount="1"/>
      <line num="351" count="2" type="stmt"/>
      <line num="353" count="0" type="stmt"/>
      <line num="358" count="3" type="cond" truecount="1" falsecount="1"/>
      <line num="359" count="0" type="stmt"/>
      <line num="364" count="3" type="stmt"/>
      <line num="371" count="1" type="stmt"/>
    </file>
    <file name="planning-service.ts" path="/Users/alexnewhouse/proactivity/dissertation-support/src/planning-service.ts">
      <metrics statements="76" coveredstatements="65" conditionals="50" coveredconditionals="34" methods="12" coveredmethods="12"/>
      <line num="50" count="1" type="stmt"/>
      <line num="55" count="13" type="stmt"/>
      <line num="56" count="13" type="stmt"/>
      <line num="64" count="8" type="cond" truecount="2" falsecount="0"/>
      <line num="65" count="1" type="stmt"/>
      <line num="68" count="7" type="stmt"/>
      <line num="69" count="7" type="stmt"/>
      <line num="71" count="7" type="stmt"/>
      <line num="79" count="1" type="stmt"/>
      <line num="80" count="1" type="stmt"/>
      <line num="88" count="4" type="stmt"/>
      <line num="89" count="4" type="stmt"/>
      <line num="92" count="4" type="stmt"/>
      <line num="93" count="4" type="stmt"/>
      <line num="96" count="4" type="stmt"/>
      <line num="104" count="4" type="stmt"/>
      <line num="106" count="4" type="stmt"/>
      <line num="112" count="4" type="stmt"/>
      <line num="119" count="1" type="stmt"/>
      <line num="120" count="1" type="cond" truecount="1" falsecount="1"/>
      <line num="122" count="1" type="stmt"/>
      <line num="123" count="1" type="cond" truecount="1" falsecount="1"/>
      <line num="124" count="1" type="stmt"/>
      <line num="125" count="1" type="stmt"/>
      <line num="128" count="1" type="cond" truecount="1" falsecount="1"/>
      <line num="129" count="1" type="stmt"/>
      <line num="131" count="1" type="stmt"/>
      <line num="139" count="11" type="cond" truecount="1" falsecount="1"/>
      <line num="140" count="0" type="stmt"/>
      <line num="148" count="11" type="stmt"/>
      <line num="149" count="11" type="cond" truecount="1" falsecount="1"/>
      <line num="150" count="0" type="stmt"/>
      <line num="158" count="11" type="stmt"/>
      <line num="159" count="11" type="stmt"/>
      <line num="161" count="11" type="cond" truecount="2" falsecount="0"/>
      <line num="162" count="1" type="stmt"/>
      <line num="170" count="10" type="stmt"/>
      <line num="171" count="10" type="stmt"/>
      <line num="173" count="10" type="stmt"/>
      <line num="186" count="7" type="stmt"/>
      <line num="187" count="7" type="cond" truecount="2" falsecount="0"/>
      <line num="189" count="7" type="cond" truecount="2" falsecount="0"/>
      <line num="193" count="7" type="cond" truecount="2" falsecount="0"/>
      <line num="197" count="7" type="stmt"/>
      <line num="234" count="4" type="stmt"/>
      <line num="235" count="4" type="stmt"/>
      <line num="238" count="4" type="stmt"/>
      <line num="246" count="4" type="stmt"/>
      <line num="266" count="4" type="stmt"/>
      <line num="273" count="4" type="cond" truecount="2" falsecount="0"/>
      <line num="274" count="4" type="stmt"/>
      <line num="281" count="4" type="cond" truecount="2" falsecount="0"/>
      <line num="282" count="1" type="stmt"/>
      <line num="285" count="3" type="stmt"/>
      <line num="286" count="3" type="stmt"/>
      <line num="294" count="4" type="stmt"/>
      <line num="295" count="4" type="stmt"/>
      <line num="297" count="4" type="stmt"/>
      <line num="298" count="4" type="cond" truecount="1" falsecount="1"/>
      <line num="300" count="4" type="stmt"/>
      <line num="301" count="4" type="cond" truecount="1" falsecount="1"/>
      <line num="302" count="4" type="stmt"/>
      <line num="303" count="4" type="stmt"/>
      <line num="316" count="5" type="stmt"/>
      <line num="318" count="5" type="cond" truecount="1" falsecount="1"/>
      <line num="319" count="5" type="stmt"/>
      <line num="320" count="5" type="stmt"/>
      <line num="324" count="0" type="stmt"/>
      <line num="325" count="0" type="cond" truecount="0" falsecount="2"/>
      <line num="326" count="0" type="cond" truecount="0" falsecount="2"/>
      <line num="328" count="0" type="stmt"/>
      <line num="329" count="0" type="stmt"/>
      <line num="331" count="0" type="stmt"/>
      <line num="332" count="0" type="stmt"/>
      <line num="333" count="0" type="stmt"/>
      <line num="336" count="0" type="stmt"/>
    </file>
    <file name="settings-schema.ts" path="/Users/alexnewhouse/proactivity/dissertation-support/src/settings-schema.ts">
      <metrics statements="35" coveredstatements="33" conditionals="10" coveredconditionals="7" methods="3" coveredmethods="3"/>
      <line num="10" count="2" type="stmt"/>
      <line num="13" count="2" type="stmt"/>
      <line num="29" count="2" type="stmt"/>
      <line num="30" count="2" type="stmt"/>
      <line num="31" count="2" type="stmt"/>
      <line num="33" count="2" type="stmt"/>
      <line num="55" count="2" type="stmt"/>
      <line num="59" count="7" type="stmt"/>
      <line num="61" count="7" type="stmt"/>
      <line num="63" count="7" type="stmt"/>
      <line num="64" count="3" type="stmt"/>
      <line num="67" count="4" type="cond" truecount="1" falsecount="1"/>
      <line num="68" count="4" type="stmt"/>
      <line num="70" count="4" type="cond" truecount="1" falsecount="1"/>
      <line num="72" count="4" type="stmt"/>
      <line num="74" count="4" type="cond" truecount="3" falsecount="1"/>
      <line num="75" count="4" type="stmt"/>
      <line num="78" count="4" type="stmt"/>
      <line num="79" count="19" type="stmt"/>
      <line num="80" count="19" type="stmt"/>
      <line num="81" count="19" type="cond" truecount="2" falsecount="0"/>
      <line num="82" count="17" type="stmt"/>
      <line num="83" count="13" type="stmt"/>
      <line num="86" count="4" type="stmt"/>
      <line num="92" count="4" type="stmt"/>
      <line num="93" count="4" type="stmt"/>
      <line num="95" count="4" type="stmt"/>
      <line num="100" count="0" type="stmt"/>
      <line num="101" count="0" type="stmt"/>
      <line num="110" count="2" type="stmt"/>
      <line num="115" count="2" type="stmt"/>
      <line num="116" count="2" type="stmt"/>
      <line num="117" count="2" type="stmt"/>
      <line num="119" count="1" type="stmt"/>
      <line num="123" count="1" type="stmt"/>
    </file>
    <file name="storage-service.ts" path="/Users/alexnewhouse/proactivity/dissertation-support/src/storage-service.ts">
      <metrics statements="48" coveredstatements="35" conditionals="16" coveredconditionals="11" methods="11" coveredmethods="10"/>
      <line num="12" count="1" type="stmt"/>
      <line num="14" count="1" type="stmt"/>
      <line num="16" count="8" type="stmt"/>
      <line num="17" count="8" type="stmt"/>
      <line num="18" count="8" type="stmt"/>
      <line num="21" count="8" type="stmt"/>
      <line num="29" count="3" type="stmt"/>
      <line num="30" count="3" type="stmt"/>
      <line num="31" count="2" type="stmt"/>
      <line num="34" count="2" type="cond" truecount="3" falsecount="1"/>
      <line num="35" count="0" type="stmt"/>
      <line num="38" count="2" type="stmt"/>
      <line num="40" count="1" type="stmt"/>
      <line num="41" count="1" type="stmt"/>
      <line num="51" count="5" type="cond" truecount="2" falsecount="0"/>
      <line num="52" count="2" type="stmt"/>
      <line num="56" count="5" type="stmt"/>
      <line num="57" count="1" type="stmt"/>
      <line num="66" count="2" type="cond" truecount="1" falsecount="1"/>
      <line num="67" count="0" type="stmt"/>
      <line num="68" count="0" type="stmt"/>
      <line num="70" count="2" type="stmt"/>
      <line num="81" count="2" type="stmt"/>
      <line num="84" count="2" type="stmt"/>
      <line num="86" count="2" type="stmt"/>
      <line num="97" count="2" type="stmt"/>
      <line num="102" count="2" type="stmt"/>
      <line num="105" count="2" type="cond" truecount="2" falsecount="0"/>
      <line num="106" count="1" type="stmt"/>
      <line num="112" count="1" type="stmt"/>
      <line num="119" count="3" type="stmt"/>
      <line num="120" count="3" type="stmt"/>
      <line num="121" count="3" type="stmt"/>
      <line num="123" count="3" type="cond" truecount="1" falsecount="1"/>
      <line num="124" count="0" type="stmt"/>
      <line num="127" count="0" type="stmt"/>
      <line num="129" count="0" type="cond" truecount="0" falsecount="2"/>
      <line num="130" count="0" type="stmt"/>
      <line num="131" count="0" type="stmt"/>
      <line num="133" count="0" type="stmt"/>
      <line num="135" count="0" type="stmt"/>
      <line num="136" count="0" type="stmt"/>
      <line num="139" count="0" type="stmt"/>
      <line num="140" count="0" type="stmt"/>
      <line num="150" count="4" type="stmt"/>
      <line num="157" count="8" type="cond" truecount="2" falsecount="0"/>
      <line num="158" count="3" type="stmt"/>
      <line num="159" count="3" type="stmt"/>
    </file>
    <file name="task-service.ts" path="/Users/alexnewhouse/proactivity/dissertation-support/src/task-service.ts">
      <metrics statements="144" coveredstatements="136" conditionals="88" coveredconditionals="75" methods="33" coveredmethods="33"/>
      <line num="44" count="1" type="stmt"/>
      <line num="46" count="35" type="stmt"/>
      <line num="50" count="35" type="stmt"/>
      <line num="51" count="35" type="stmt"/>
      <line num="52" count="35" type="stmt"/>
      <line num="66" count="71" type="stmt"/>
      <line num="67" count="71" type="cond" truecount="2" falsecount="0"/>
      <line num="68" count="2" type="stmt"/>
      <line num="71" count="69" type="stmt"/>
      <line num="72" count="69" type="stmt"/>
      <line num="75" count="69" type="cond" truecount="2" falsecount="0"/>
      <line num="76" count="2" type="stmt"/>
      <line num="79" count="67" type="stmt"/>
      <line num="88" count="67" type="stmt"/>
      <line num="89" count="67" type="stmt"/>
      <line num="97" count="20" type="cond" truecount="2" falsecount="0"/>
      <line num="98" count="20" type="cond" truecount="1" falsecount="1"/>
      <line num="99" count="43" type="stmt"/>
      <line num="101" count="20" type="cond" truecount="2" falsecount="0"/>
      <line num="102" count="1" type="stmt"/>
      <line num="105" count="19" type="stmt"/>
      <line num="106" count="19" type="stmt"/>
      <line num="107" count="19" type="stmt"/>
      <line num="110" count="19" type="cond" truecount="4" falsecount="0"/>
      <line num="111" count="10" type="stmt"/>
      <line num="114" count="19" type="stmt"/>
      <line num="122" count="3" type="cond" truecount="2" falsecount="0"/>
      <line num="123" count="3" type="cond" truecount="1" falsecount="1"/>
      <line num="124" count="3" type="stmt"/>
      <line num="126" count="3" type="cond" truecount="1" falsecount="1"/>
      <line num="127" count="0" type="stmt"/>
      <line num="131" count="3" type="stmt"/>
      <line num="132" count="3" type="stmt"/>
      <line num="133" count="3" type="stmt"/>
      <line num="135" count="3" type="stmt"/>
      <line num="142" count="22" type="cond" truecount="2" falsecount="0"/>
      <line num="149" count="3" type="stmt"/>
      <line num="150" count="7" type="stmt"/>
      <line num="165" count="10" type="cond" truecount="2" falsecount="0"/>
      <line num="166" count="15" type="stmt"/>
      <line num="167" count="15" type="stmt"/>
      <line num="168" count="15" type="stmt"/>
      <line num="169" count="10" type="stmt"/>
      <line num="171" count="10" type="cond" truecount="2" falsecount="0"/>
      <line num="174" count="10" type="stmt"/>
      <line num="175" count="10" type="cond" truecount="4" falsecount="0"/>
      <line num="176" count="6" type="cond" truecount="4" falsecount="0"/>
      <line num="178" count="10" type="stmt"/>
      <line num="186" count="3" type="cond" truecount="2" falsecount="0"/>
      <line num="187" count="3" type="cond" truecount="1" falsecount="1"/>
      <line num="190" count="9" type="stmt"/>
      <line num="191" count="8" type="cond" truecount="2" falsecount="0"/>
      <line num="192" count="1" type="stmt"/>
      <line num="196" count="2" type="stmt"/>
      <line num="197" count="6" type="stmt"/>
      <line num="198" count="6" type="stmt"/>
      <line num="199" count="6" type="stmt"/>
      <line num="203" count="7" type="stmt"/>
      <line num="205" count="2" type="stmt"/>
      <line num="213" count="6" type="stmt"/>
      <line num="225" count="6" type="stmt"/>
      <line num="226" count="6" type="stmt"/>
      <line num="228" count="6" type="stmt"/>
      <line num="230" count="48" type="stmt"/>
      <line num="231" count="48" type="cond" truecount="2" falsecount="0"/>
      <line num="233" count="22" type="stmt"/>
      <line num="236" count="22" type="cond" truecount="3" falsecount="1"/>
      <line num="237" count="0" type="stmt"/>
      <line num="241" count="64" type="cond" truecount="2" falsecount="0"/>
      <line num="242" count="2" type="stmt"/>
      <line num="246" count="20" type="cond" truecount="1" falsecount="1"/>
      <line num="247" count="20" type="stmt"/>
      <line num="250" count="20" type="cond" truecount="2" falsecount="0"/>
      <line num="251" count="2" type="stmt"/>
      <line num="255" count="6" type="stmt"/>
      <line num="266" count="3" type="stmt"/>
      <line num="267" count="3" type="cond" truecount="2" falsecount="0"/>
      <line num="268" count="1" type="stmt"/>
      <line num="272" count="2" type="stmt"/>
      <line num="273" count="2" type="stmt"/>
      <line num="275" count="2" type="cond" truecount="1" falsecount="1"/>
      <line num="276" count="0" type="stmt"/>
      <line num="280" count="2" type="stmt"/>
      <line num="281" count="2" type="stmt"/>
      <line num="282" count="6" type="stmt"/>
      <line num="283" count="6" type="stmt"/>
      <line num="284" count="6" type="stmt"/>
      <line num="287" count="0" type="stmt"/>
      <line num="291" count="2" type="stmt"/>
      <line num="302" count="7" type="cond" truecount="2" falsecount="0"/>
      <line num="303" count="7" type="stmt"/>
      <line num="304" count="7" type="stmt"/>
      <line num="306" count="7" type="stmt"/>
      <line num="307" count="7" type="stmt"/>
      <line num="309" count="7" type="cond" truecount="4" falsecount="0"/>
      <line num="310" count="3" type="stmt"/>
      <line num="311" count="3" type="stmt"/>
      <line num="313" count="3" type="stmt"/>
      <line num="322" count="4" type="stmt"/>
      <line num="323" count="6" type="stmt"/>
      <line num="324" count="6" type="stmt"/>
      <line num="326" count="6" type="stmt"/>
      <line num="332" count="4" type="stmt"/>
      <line num="333" count="4" type="stmt"/>
      <line num="334" count="4" type="stmt"/>
      <line num="336" count="4" type="stmt"/>
      <line num="350" count="2" type="cond" truecount="2" falsecount="0"/>
      <line num="351" count="2" type="stmt"/>
      <line num="353" count="2" type="stmt"/>
      <line num="354" count="2" type="cond" truecount="2" falsecount="0"/>
      <line num="355" count="1" type="stmt"/>
      <line num="356" count="1" type="stmt"/>
      <line num="359" count="1" type="cond" truecount="1" falsecount="1"/>
      <line num="360" count="0" type="stmt"/>
      <line num="365" count="2" type="stmt"/>
      <line num="366" count="2" type="stmt"/>
      <line num="369" count="2" type="stmt"/>
      <line num="370" count="2" type="stmt"/>
      <line num="372" count="2" type="cond" truecount="2" falsecount="2"/>
      <line num="374" count="0" type="stmt"/>
      <line num="380" count="2" type="stmt"/>
      <line num="381" count="2" type="cond" truecount="1" falsecount="1"/>
      <line num="382" count="0" type="stmt"/>
      <line num="384" count="2" type="stmt"/>
      <line num="385" count="2" type="stmt"/>
      <line num="386" count="2" type="cond" truecount="3" falsecount="1"/>
      <line num="387" count="2" type="stmt"/>
      <line num="389" count="2" type="stmt"/>
      <line num="390" count="2" type="stmt"/>
      <line num="395" count="2" type="stmt"/>
      <line num="402" count="1" type="stmt"/>
      <line num="409" count="3" type="stmt"/>
      <line num="416" count="186" type="stmt"/>
      <line num="420" count="69" type="stmt"/>
      <line num="421" count="69" type="cond" truecount="2" falsecount="0"/>
      <line num="422" count="25" type="stmt"/>
      <line num="424" count="69" type="stmt"/>
      <line num="428" count="67" type="stmt"/>
      <line num="434" count="10" type="stmt"/>
      <line num="438" count="6" type="stmt"/>
      <line num="447" count="4" type="cond" truecount="2" falsecount="1"/>
      <line num="448" count="2" type="stmt"/>
      <line num="449" count="0" type="stmt"/>
      <line num="450" count="2" type="stmt"/>
    </file>
  </project>
</coverage>
