{"/Users/alexnewhouse/proactivity/dissertation-support/src/ai-service.ts": {"path":"/Users/alexnewhouse/proactivity/dissertation-support/src/ai-service.ts","statementMap":{"0":{"start":{"line":48,"column":10},"end":{"line":48,"column":25}},"1":{"start":{"line":51,"column":4},"end":{"line":56,"column":6}},"2":{"start":{"line":68,"column":4},"end":{"line":68,"column":73}},"3":{"start":{"line":70,"column":4},"end":{"line":90,"column":null}},"4":{"start":{"line":71,"column":27},"end":{"line":71,"column":59}},"5":{"start":{"line":72,"column":25},"end":{"line":72,"column":81}},"6":{"start":{"line":74,"column":23},"end":{"line":79,"column":8}},"7":{"start":{"line":81,"column":6},"end":{"line":81,"column":62}},"8":{"start":{"line":82,"column":6},"end":{"line":82,"column":30}},"9":{"start":{"line":85,"column":6},"end":{"line":85,"column":66}},"10":{"start":{"line":86,"column":6},"end":{"line":86,"column":91}},"11":{"start":{"line":89,"column":6},"end":{"line":89,"column":51}},"12":{"start":{"line":102,"column":4},"end":{"line":102,"column":61}},"13":{"start":{"line":104,"column":4},"end":{"line":124,"column":null}},"14":{"start":{"line":105,"column":27},"end":{"line":105,"column":161}},"15":{"start":{"line":106,"column":25},"end":{"line":106,"column":62}},"16":{"start":{"line":107,"column":26},"end":{"line":107,"column":330}},"17":{"start":{"line":109,"column":23},"end":{"line":114,"column":8}},"18":{"start":{"line":116,"column":6},"end":{"line":116,"column":58}},"19":{"start":{"line":117,"column":6},"end":{"line":117,"column":30}},"20":{"start":{"line":120,"column":6},"end":{"line":120,"column":67}},"21":{"start":{"line":121,"column":6},"end":{"line":121,"column":65}},"22":{"start":{"line":123,"column":6},"end":{"line":123,"column":59}},"23":{"start":{"line":131,"column":21},"end":{"line":131,"column":48}},"24":{"start":{"line":133,"column":4},"end":{"line":135,"column":null}},"25":{"start":{"line":134,"column":6},"end":{"line":134,"column":45}},"26":{"start":{"line":137,"column":4},"end":{"line":153,"column":null}},"27":{"start":{"line":137,"column":23},"end":{"line":137,"column":24}},"28":{"start":{"line":138,"column":6},"end":{"line":152,"column":null}},"29":{"start":{"line":139,"column":25},"end":{"line":139,"column":69}},"30":{"start":{"line":140,"column":8},"end":{"line":140,"column":28}},"31":{"start":{"line":141,"column":8},"end":{"line":141,"column":24}},"32":{"start":{"line":144,"column":8},"end":{"line":146,"column":null}},"33":{"start":{"line":145,"column":10},"end":{"line":145,"column":22}},"34":{"start":{"line":149,"column":22},"end":{"line":149,"column":49}},"35":{"start":{"line":150,"column":8},"end":{"line":150,"column":77}},"36":{"start":{"line":151,"column":8},"end":{"line":151,"column":32}},"37":{"start":{"line":155,"column":4},"end":{"line":155,"column":52}},"38":{"start":{"line":162,"column":23},"end":{"line":162,"column":44}},"39":{"start":{"line":163,"column":22},"end":{"line":163,"column":81}},"40":{"start":{"line":163,"column":39},"end":{"line":163,"column":57}},"41":{"start":{"line":165,"column":4},"end":{"line":178,"column":null}},"42":{"start":{"line":166,"column":6},"end":{"line":175,"column":null}},"43":{"start":{"line":168,"column":10},"end":{"line":168,"column":87}},"44":{"start":{"line":170,"column":10},"end":{"line":170,"column":90}},"45":{"start":{"line":172,"column":10},"end":{"line":172,"column":86}},"46":{"start":{"line":174,"column":10},"end":{"line":174,"column":68}},"47":{"start":{"line":177,"column":6},"end":{"line":177,"column":30}},"48":{"start":{"line":189,"column":21},"end":{"line":205,"column":6}},"49":{"start":{"line":207,"column":4},"end":{"line":210,"column":null}},"50":{"start":{"line":208,"column":24},"end":{"line":208,"column":45}},"51":{"start":{"line":209,"column":6},"end":{"line":209,"column":77}},"52":{"start":{"line":212,"column":17},"end":{"line":212,"column":38}},"53":{"start":{"line":213,"column":4},"end":{"line":220,"column":6}},"54":{"start":{"line":232,"column":4},"end":{"line":232,"column":62}},"55":{"start":{"line":244,"column":4},"end":{"line":244,"column":58}},"56":{"start":{"line":251,"column":4},"end":{"line":253,"column":191}},"57":{"start":{"line":264,"column":23},"end":{"line":273,"column":71}},"58":{"start":{"line":275,"column":4},"end":{"line":275,"column":22}},"59":{"start":{"line":282,"column":4},"end":{"line":301,"column":71}},"60":{"start":{"line":311,"column":4},"end":{"line":327,"column":59}},"61":{"start":{"line":334,"column":4},"end":{"line":338,"column":null}},"62":{"start":{"line":335,"column":6},"end":{"line":335,"column":26}},"63":{"start":{"line":337,"column":6},"end":{"line":337,"column":42}},"64":{"start":{"line":342,"column":4},"end":{"line":346,"column":null}},"65":{"start":{"line":343,"column":6},"end":{"line":343,"column":26}},"66":{"start":{"line":345,"column":6},"end":{"line":345,"column":42}},"67":{"start":{"line":350,"column":4},"end":{"line":354,"column":null}},"68":{"start":{"line":351,"column":6},"end":{"line":351,"column":32}},"69":{"start":{"line":353,"column":6},"end":{"line":353,"column":44}},"70":{"start":{"line":358,"column":4},"end":{"line":360,"column":null}},"71":{"start":{"line":359,"column":6},"end":{"line":359,"column":42}},"72":{"start":{"line":364,"column":4},"end":{"line":364,"column":59}},"73":{"start":{"line":364,"column":34},"end":{"line":364,"column":57}},"74":{"start":{"line":371,"column":4},"end":{"line":371,"column":82}},"75":{"start":{"line":46,"column":0},"end":{"line":46,"column":13}}},"fnMap":{"0":{"name":"(anonymous_0)","decl":{"start":{"line":50,"column":2},"end":{"line":50,"column":14}},"loc":{"start":{"line":50,"column":37},"end":{"line":57,"column":3}}},"1":{"name":"(anonymous_1)","decl":{"start":{"line":63,"column":2},"end":{"line":63,"column":7}},"loc":{"start":{"line":66,"column":30},"end":{"line":91,"column":3}}},"2":{"name":"(anonymous_2)","decl":{"start":{"line":97,"column":2},"end":{"line":97,"column":7}},"loc":{"start":{"line":100,"column":81},"end":{"line":125,"column":3}}},"3":{"name":"(anonymous_3)","decl":{"start":{"line":130,"column":10},"end":{"line":130,"column":15}},"loc":{"start":{"line":130,"column":46},"end":{"line":156,"column":3}}},"4":{"name":"(anonymous_4)","decl":{"start":{"line":161,"column":10},"end":{"line":161,"column":15}},"loc":{"start":{"line":161,"column":71},"end":{"line":179,"column":3}}},"5":{"name":"(anonymous_5)","decl":{"start":{"line":163,"column":33},"end":{"line":163,"column":36}},"loc":{"start":{"line":163,"column":39},"end":{"line":163,"column":57}}},"6":{"name":"(anonymous_6)","decl":{"start":{"line":184,"column":10},"end":{"line":184,"column":15}},"loc":{"start":{"line":187,"column":23},"end":{"line":221,"column":3}}},"7":{"name":"(anonymous_7)","decl":{"start":{"line":226,"column":10},"end":{"line":226,"column":15}},"loc":{"start":{"line":229,"column":23},"end":{"line":233,"column":3}}},"8":{"name":"(anonymous_8)","decl":{"start":{"line":238,"column":10},"end":{"line":238,"column":15}},"loc":{"start":{"line":241,"column":23},"end":{"line":245,"column":3}}},"9":{"name":"(anonymous_9)","decl":{"start":{"line":250,"column":10},"end":{"line":250,"column":27}},"loc":{"start":{"line":250,"column":67},"end":{"line":254,"column":3}}},"10":{"name":"(anonymous_10)","decl":{"start":{"line":259,"column":10},"end":{"line":259,"column":25}},"loc":{"start":{"line":262,"column":30},"end":{"line":276,"column":3}}},"11":{"name":"(anonymous_11)","decl":{"start":{"line":281,"column":10},"end":{"line":281,"column":25}},"loc":{"start":{"line":281,"column":80},"end":{"line":302,"column":3}}},"12":{"name":"(anonymous_12)","decl":{"start":{"line":307,"column":10},"end":{"line":307,"column":26}},"loc":{"start":{"line":309,"column":81},"end":{"line":328,"column":3}}},"13":{"name":"(anonymous_13)","decl":{"start":{"line":333,"column":10},"end":{"line":333,"column":28}},"loc":{"start":{"line":333,"column":44},"end":{"line":339,"column":3}}},"14":{"name":"(anonymous_14)","decl":{"start":{"line":341,"column":10},"end":{"line":341,"column":27}},"loc":{"start":{"line":341,"column":43},"end":{"line":347,"column":3}}},"15":{"name":"(anonymous_15)","decl":{"start":{"line":349,"column":10},"end":{"line":349,"column":25}},"loc":{"start":{"line":349,"column":41},"end":{"line":355,"column":3}}},"16":{"name":"(anonymous_16)","decl":{"start":{"line":357,"column":10},"end":{"line":357,"column":13}},"loc":{"start":{"line":357,"column":29},"end":{"line":361,"column":3}}},"17":{"name":"(anonymous_17)","decl":{"start":{"line":363,"column":10},"end":{"line":363,"column":15}},"loc":{"start":{"line":363,"column":26},"end":{"line":365,"column":3}}},"18":{"name":"(anonymous_18)","decl":{"start":{"line":364,"column":23},"end":{"line":364,"column":30}},"loc":{"start":{"line":364,"column":34},"end":{"line":364,"column":57}}},"19":{"name":"(anonymous_19)","decl":{"start":{"line":370,"column":2},"end":{"line":370,"column":16}},"loc":{"start":{"line":370,"column":46},"end":{"line":372,"column":3}}}},"branchMap":{"0":{"loc":{"start":{"line":133,"column":4},"end":{"line":135,"column":null}},"type":"if","locations":[{"start":{"line":133,"column":4},"end":{"line":135,"column":null}},{"start":{},"end":{}}]},"1":{"loc":{"start":{"line":137,"column":38},"end":{"line":137,"column":68}},"type":"binary-expr","locations":[{"start":{"line":137,"column":38},"end":{"line":137,"column":63}},{"start":{"line":137,"column":67},"end":{"line":137,"column":68}}]},"2":{"loc":{"start":{"line":144,"column":8},"end":{"line":146,"column":null}},"type":"if","locations":[{"start":{"line":144,"column":8},"end":{"line":146,"column":null}},{"start":{},"end":{}}]},"3":{"loc":{"start":{"line":144,"column":25},"end":{"line":144,"column":55}},"type":"binary-expr","locations":[{"start":{"line":144,"column":25},"end":{"line":144,"column":50}},{"start":{"line":144,"column":54},"end":{"line":144,"column":55}}]},"4":{"loc":{"start":{"line":166,"column":6},"end":{"line":175,"column":null}},"type":"switch","locations":[{"start":{"line":167,"column":8},"end":{"line":168,"column":87}},{"start":{"line":169,"column":8},"end":{"line":170,"column":90}},{"start":{"line":171,"column":8},"end":{"line":172,"column":86}},{"start":{"line":173,"column":8},"end":{"line":174,"column":68}}]},"5":{"loc":{"start":{"line":201,"column":20},"end":{"line":201,"column":67}},"type":"binary-expr","locations":[{"start":{"line":201,"column":20},"end":{"line":201,"column":37}},{"start":{"line":201,"column":41},"end":{"line":201,"column":59}},{"start":{"line":201,"column":63},"end":{"line":201,"column":67}}]},"6":{"loc":{"start":{"line":202,"column":21},"end":{"line":202,"column":71}},"type":"binary-expr","locations":[{"start":{"line":202,"column":21},"end":{"line":202,"column":40}},{"start":{"line":202,"column":44},"end":{"line":202,"column":64}},{"start":{"line":202,"column":68},"end":{"line":202,"column":71}}]},"7":{"loc":{"start":{"line":207,"column":4},"end":{"line":210,"column":null}},"type":"if","locations":[{"start":{"line":207,"column":4},"end":{"line":210,"column":null}},{"start":{},"end":{}}]},"8":{"loc":{"start":{"line":215,"column":13},"end":{"line":219,"column":19}},"type":"cond-expr","locations":[{"start":{"line":215,"column":26},"end":{"line":219,"column":8}},{"start":{"line":219,"column":10},"end":{"line":219,"column":19}}]},"9":{"loc":{"start":{"line":251,"column":11},"end":{"line":253,"column":190}},"type":"cond-expr","locations":[{"start":{"line":252,"column":8},"end":{"line":252,"column":176}},{"start":{"line":253,"column":8},"end":{"line":253,"column":190}}]},"10":{"loc":{"start":{"line":273,"column":2},"end":{"line":273,"column":69}},"type":"cond-expr","locations":[{"start":{"line":273,"column":22},"end":{"line":273,"column":64}},{"start":{"line":273,"column":67},"end":{"line":273,"column":69}}]},"11":{"loc":{"start":{"line":282,"column":16},"end":{"line":282,"column":73}},"type":"cond-expr","locations":[{"start":{"line":282,"column":44},"end":{"line":282,"column":56}},{"start":{"line":282,"column":59},"end":{"line":282,"column":73}}]},"12":{"loc":{"start":{"line":334,"column":4},"end":{"line":338,"column":null}},"type":"if","locations":[{"start":{"line":334,"column":4},"end":{"line":338,"column":null}},{"start":{"line":336,"column":11},"end":{"line":338,"column":null}}]},"13":{"loc":{"start":{"line":342,"column":4},"end":{"line":346,"column":null}},"type":"if","locations":[{"start":{"line":342,"column":4},"end":{"line":346,"column":null}},{"start":{"line":344,"column":11},"end":{"line":346,"column":null}}]},"14":{"loc":{"start":{"line":350,"column":4},"end":{"line":354,"column":null}},"type":"if","locations":[{"start":{"line":350,"column":4},"end":{"line":354,"column":null}},{"start":{"line":352,"column":11},"end":{"line":354,"column":null}}]},"15":{"loc":{"start":{"line":358,"column":4},"end":{"line":360,"column":null}},"type":"if","locations":[{"start":{"line":358,"column":4},"end":{"line":360,"column":null}},{"start":{},"end":{}}]}},"s":{"0":9,"1":9,"2":7,"3":7,"4":7,"5":7,"6":7,"7":5,"8":5,"9":2,"10":2,"11":2,"12":1,"13":1,"14":1,"15":1,"16":1,"17":1,"18":1,"19":1,"20":0,"21":0,"22":0,"23":8,"24":8,"25":1,"26":7,"27":7,"28":10,"29":10,"30":6,"31":6,"32":4,"33":1,"34":3,"35":3,"36":3,"37":0,"38":10,"39":10,"40":0,"41":10,"42":10,"43":10,"44":0,"45":0,"46":0,"47":10,"48":10,"49":9,"50":1,"51":1,"52":6,"53":6,"54":0,"55":0,"56":7,"57":8,"58":8,"59":2,"60":0,"61":8,"62":8,"63":0,"64":6,"65":6,"66":0,"67":2,"68":2,"69":0,"70":3,"71":0,"72":3,"73":3,"74":1,"75":1},"f":{"0":9,"1":7,"2":1,"3":8,"4":10,"5":0,"6":10,"7":0,"8":0,"9":7,"10":8,"11":2,"12":0,"13":8,"14":6,"15":2,"16":3,"17":3,"18":3,"19":1},"b":{"0":[1,7],"1":[10,0],"2":[1,3],"3":[4,0],"4":[10,0,0,0],"5":[10,0,0],"6":[10,0,0],"7":[1,6],"8":[1,5],"9":[1,6],"10":[0,8],"11":[0,2],"12":[8,0],"13":[6,0],"14":[2,0],"15":[0,3]}}
,"/Users/alexnewhouse/proactivity/dissertation-support/src/planning-service.ts": {"path":"/Users/alexnewhouse/proactivity/dissertation-support/src/planning-service.ts","statementMap":{"0":{"start":{"line":55,"column":4},"end":{"line":55,"column":19}},"1":{"start":{"line":56,"column":4},"end":{"line":56,"column":31}},"2":{"start":{"line":64,"column":4},"end":{"line":66,"column":null}},"3":{"start":{"line":65,"column":6},"end":{"line":65,"column":56}},"4":{"start":{"line":68,"column":26},"end":{"line":68,"column":57}},"5":{"start":{"line":69,"column":17},"end":{"line":69,"column":96}},"6":{"start":{"line":71,"column":4},"end":{"line":71,"column":16}},"7":{"start":{"line":79,"column":18},"end":{"line":79,"column":103}},"8":{"start":{"line":80,"column":4},"end":{"line":80,"column":17}},"9":{"start":{"line":88,"column":18},"end":{"line":88,"column":56}},"10":{"start":{"line":89,"column":21},"end":{"line":89,"column":60}},"11":{"start":{"line":92,"column":21},"end":{"line":92,"column":66}},"12":{"start":{"line":93,"column":21},"end":{"line":93,"column":76}},"13":{"start":{"line":96,"column":20},"end":{"line":101,"column":6}},"14":{"start":{"line":104,"column":4},"end":{"line":104,"column":49}},"15":{"start":{"line":106,"column":35},"end":{"line":110,"column":6}},"16":{"start":{"line":112,"column":4},"end":{"line":112,"column":34}},"17":{"start":{"line":119,"column":18},"end":{"line":119,"column":56}},"18":{"start":{"line":120,"column":21},"end":{"line":120,"column":115}},"19":{"start":{"line":122,"column":19},"end":{"line":122,"column":27}},"20":{"start":{"line":123,"column":4},"end":{"line":126,"column":null}},"21":{"start":{"line":124,"column":6},"end":{"line":124,"column":57}},"22":{"start":{"line":125,"column":6},"end":{"line":125,"column":73}},"23":{"start":{"line":128,"column":20},"end":{"line":128,"column":132}},"24":{"start":{"line":129,"column":4},"end":{"line":129,"column":49}},"25":{"start":{"line":131,"column":4},"end":{"line":131,"column":20}},"26":{"start":{"line":139,"column":4},"end":{"line":146,"column":null}},"27":{"start":{"line":140,"column":6},"end":{"line":145,"column":8}},"28":{"start":{"line":148,"column":19},"end":{"line":148,"column":37}},"29":{"start":{"line":149,"column":4},"end":{"line":156,"column":null}},"30":{"start":{"line":150,"column":6},"end":{"line":155,"column":8}},"31":{"start":{"line":158,"column":16},"end":{"line":158,"column":26}},"32":{"start":{"line":159,"column":19},"end":{"line":159,"column":51}},"33":{"start":{"line":161,"column":4},"end":{"line":168,"column":null}},"34":{"start":{"line":162,"column":6},"end":{"line":167,"column":8}},"35":{"start":{"line":170,"column":26},"end":{"line":170,"column":54}},"36":{"start":{"line":171,"column":27},"end":{"line":171,"column":55}},"37":{"start":{"line":173,"column":4},"end":{"line":178,"column":6}},"38":{"start":{"line":186,"column":21},"end":{"line":186,"column":60}},"39":{"start":{"line":187,"column":23},"end":{"line":187,"column":87}},"40":{"start":{"line":189,"column":21},"end":{"line":191,"column":125}},"41":{"start":{"line":193,"column":23},"end":{"line":195,"column":72}},"42":{"start":{"line":197,"column":4},"end":{"line":222,"column":49}},"43":{"start":{"line":234,"column":53},"end":{"line":234,"column":59}},"44":{"start":{"line":235,"column":25},"end":{"line":235,"column":57}},"45":{"start":{"line":238,"column":25},"end":{"line":243,"column":2}},"46":{"start":{"line":246,"column":24},"end":{"line":264,"column":2}},"47":{"start":{"line":266,"column":4},"end":{"line":266,"column":23}},"48":{"start":{"line":273,"column":19},"end":{"line":273,"column":76}},"49":{"start":{"line":274,"column":4},"end":{"line":274,"column":41}},"50":{"start":{"line":281,"column":4},"end":{"line":283,"column":null}},"51":{"start":{"line":282,"column":6},"end":{"line":282,"column":22}},"52":{"start":{"line":285,"column":4},"end":{"line":285,"column":42}},"53":{"start":{"line":286,"column":4},"end":{"line":286,"column":54}},"54":{"start":{"line":294,"column":18},"end":{"line":294,"column":49}},"55":{"start":{"line":295,"column":18},"end":{"line":295,"column":20}},"56":{"start":{"line":297,"column":4},"end":{"line":308,"column":null}},"57":{"start":{"line":298,"column":6},"end":{"line":298,"column":54}},"58":{"start":{"line":300,"column":23},"end":{"line":300,"column":68}},"59":{"start":{"line":301,"column":6},"end":{"line":307,"column":null}},"60":{"start":{"line":302,"column":8},"end":{"line":306,"column":null}},"61":{"start":{"line":303,"column":10},"end":{"line":303,"column":53}},"62":{"start":{"line":316,"column":21},"end":{"line":316,"column":63}},"63":{"start":{"line":318,"column":4},"end":{"line":321,"column":null}},"64":{"start":{"line":319,"column":6},"end":{"line":319,"column":49}},"65":{"start":{"line":320,"column":6},"end":{"line":320,"column":13}},"66":{"start":{"line":324,"column":21},"end":{"line":324,"column":42}},"67":{"start":{"line":325,"column":17},"end":{"line":325,"column":69}},"68":{"start":{"line":326,"column":16},"end":{"line":326,"column":63}},"69":{"start":{"line":328,"column":12},"end":{"line":328,"column":13}},"70":{"start":{"line":329,"column":20},"end":{"line":329,"column":42}},"71":{"start":{"line":331,"column":4},"end":{"line":334,"column":null}},"72":{"start":{"line":332,"column":6},"end":{"line":332,"column":10}},"73":{"start":{"line":333,"column":6},"end":{"line":333,"column":41}},"74":{"start":{"line":336,"column":4},"end":{"line":336,"column":52}},"75":{"start":{"line":50,"column":0},"end":{"line":50,"column":13}}},"fnMap":{"0":{"name":"(anonymous_0)","decl":{"start":{"line":54,"column":2},"end":{"line":54,"column":14}},"loc":{"start":{"line":54,"column":53},"end":{"line":57,"column":3}}},"1":{"name":"(anonymous_1)","decl":{"start":{"line":63,"column":2},"end":{"line":63,"column":7}},"loc":{"start":{"line":63,"column":39},"end":{"line":72,"column":3}}},"2":{"name":"(anonymous_2)","decl":{"start":{"line":78,"column":2},"end":{"line":78,"column":7}},"loc":{"start":{"line":78,"column":74},"end":{"line":81,"column":3}}},"3":{"name":"(anonymous_3)","decl":{"start":{"line":87,"column":2},"end":{"line":87,"column":7}},"loc":{"start":{"line":87,"column":62},"end":{"line":113,"column":3}}},"4":{"name":"(anonymous_4)","decl":{"start":{"line":118,"column":2},"end":{"line":118,"column":7}},"loc":{"start":{"line":118,"column":92},"end":{"line":132,"column":3}}},"5":{"name":"(anonymous_5)","decl":{"start":{"line":138,"column":10},"end":{"line":138,"column":27}},"loc":{"start":{"line":138,"column":45},"end":{"line":179,"column":3}}},"6":{"name":"(anonymous_6)","decl":{"start":{"line":185,"column":10},"end":{"line":185,"column":28}},"loc":{"start":{"line":185,"column":47},"end":{"line":223,"column":3}}},"7":{"name":"(anonymous_7)","decl":{"start":{"line":228,"column":10},"end":{"line":228,"column":26}},"loc":{"start":{"line":233,"column":3},"end":{"line":267,"column":3}}},"8":{"name":"(anonymous_8)","decl":{"start":{"line":272,"column":10},"end":{"line":272,"column":26}},"loc":{"start":{"line":272,"column":80},"end":{"line":275,"column":3}}},"9":{"name":"(anonymous_9)","decl":{"start":{"line":280,"column":10},"end":{"line":280,"column":15}},"loc":{"start":{"line":280,"column":63},"end":{"line":287,"column":3}}},"10":{"name":"(anonymous_10)","decl":{"start":{"line":293,"column":10},"end":{"line":293,"column":15}},"loc":{"start":{"line":293,"column":47},"end":{"line":309,"column":3}}},"11":{"name":"(anonymous_11)","decl":{"start":{"line":315,"column":10},"end":{"line":315,"column":15}},"loc":{"start":{"line":315,"column":60},"end":{"line":337,"column":3}}}},"branchMap":{"0":{"loc":{"start":{"line":64,"column":4},"end":{"line":66,"column":null}},"type":"if","locations":[{"start":{"line":64,"column":4},"end":{"line":66,"column":null}},{"start":{},"end":{}}]},"1":{"loc":{"start":{"line":120,"column":24},"end":{"line":120,"column":88}},"type":"cond-expr","locations":[{"start":{"line":120,"column":59},"end":{"line":120,"column":71}},{"start":{"line":120,"column":74},"end":{"line":120,"column":88}}]},"2":{"loc":{"start":{"line":123,"column":4},"end":{"line":126,"column":null}},"type":"if","locations":[{"start":{"line":123,"column":4},"end":{"line":126,"column":null}},{"start":{},"end":{}}]},"3":{"loc":{"start":{"line":128,"column":25},"end":{"line":128,"column":89}},"type":"cond-expr","locations":[{"start":{"line":128,"column":60},"end":{"line":128,"column":72}},{"start":{"line":128,"column":75},"end":{"line":128,"column":89}}]},"4":{"loc":{"start":{"line":139,"column":4},"end":{"line":146,"column":null}},"type":"if","locations":[{"start":{"line":139,"column":4},"end":{"line":146,"column":null}},{"start":{},"end":{}}]},"5":{"loc":{"start":{"line":149,"column":4},"end":{"line":156,"column":null}},"type":"if","locations":[{"start":{"line":149,"column":4},"end":{"line":156,"column":null}},{"start":{},"end":{}}]},"6":{"loc":{"start":{"line":161,"column":4},"end":{"line":168,"column":null}},"type":"if","locations":[{"start":{"line":161,"column":4},"end":{"line":168,"column":null}},{"start":{},"end":{}}]},"7":{"loc":{"start":{"line":187,"column":23},"end":{"line":187,"column":87}},"type":"cond-expr","locations":[{"start":{"line":187,"column":58},"end":{"line":187,"column":70}},{"start":{"line":187,"column":73},"end":{"line":187,"column":87}}]},"8":{"loc":{"start":{"line":189,"column":21},"end":{"line":191,"column":125}},"type":"cond-expr","locations":[{"start":{"line":190,"column":8},"end":{"line":190,"column":251}},{"start":{"line":191,"column":8},"end":{"line":191,"column":125}}]},"9":{"loc":{"start":{"line":193,"column":23},"end":{"line":195,"column":72}},"type":"cond-expr","locations":[{"start":{"line":194,"column":8},"end":{"line":194,"column":151}},{"start":{"line":195,"column":8},"end":{"line":195,"column":72}}]},"10":{"loc":{"start":{"line":211,"column":31},"end":{"line":211,"column":63}},"type":"binary-expr","locations":[{"start":{"line":211,"column":31},"end":{"line":211,"column":54}},{"start":{"line":211,"column":58},"end":{"line":211,"column":63}}]},"11":{"loc":{"start":{"line":250,"column":2},"end":{"line":250,"column":50}},"type":"cond-expr","locations":[{"start":{"line":250,"column":17},"end":{"line":250,"column":37}},{"start":{"line":250,"column":40},"end":{"line":250,"column":50}}]},"12":{"loc":{"start":{"line":250,"column":56},"end":{"line":250,"column":77}},"type":"binary-expr","locations":[{"start":{"line":250,"column":56},"end":{"line":250,"column":71}},{"start":{"line":250,"column":75},"end":{"line":250,"column":77}}]},"13":{"loc":{"start":{"line":251,"column":17},"end":{"line":251,"column":49}},"type":"binary-expr","locations":[{"start":{"line":251,"column":17},"end":{"line":251,"column":39}},{"start":{"line":251,"column":43},"end":{"line":251,"column":49}}]},"14":{"loc":{"start":{"line":252,"column":17},"end":{"line":252,"column":42}},"type":"binary-expr","locations":[{"start":{"line":252,"column":17},"end":{"line":252,"column":36}},{"start":{"line":252,"column":40},"end":{"line":252,"column":42}}]},"15":{"loc":{"start":{"line":255,"column":4},"end":{"line":255,"column":48}},"type":"cond-expr","locations":[{"start":{"line":255,"column":19},"end":{"line":255,"column":31}},{"start":{"line":255,"column":34},"end":{"line":255,"column":48}}]},"16":{"loc":{"start":{"line":258,"column":2},"end":{"line":258,"column":131}},"type":"cond-expr","locations":[{"start":{"line":258,"column":20},"end":{"line":258,"column":105}},{"start":{"line":258,"column":108},"end":{"line":258,"column":131}}]},"17":{"loc":{"start":{"line":258,"column":30},"end":{"line":258,"column":74}},"type":"cond-expr","locations":[{"start":{"line":258,"column":45},"end":{"line":258,"column":57}},{"start":{"line":258,"column":60},"end":{"line":258,"column":74}}]},"18":{"loc":{"start":{"line":273,"column":19},"end":{"line":273,"column":76}},"type":"cond-expr","locations":[{"start":{"line":273,"column":47},"end":{"line":273,"column":59}},{"start":{"line":273,"column":62},"end":{"line":273,"column":76}}]},"19":{"loc":{"start":{"line":281,"column":4},"end":{"line":283,"column":null}},"type":"if","locations":[{"start":{"line":281,"column":4},"end":{"line":283,"column":null}},{"start":{},"end":{}}]},"20":{"loc":{"start":{"line":298,"column":16},"end":{"line":298,"column":53}},"type":"cond-expr","locations":[{"start":{"line":298,"column":26},"end":{"line":298,"column":46}},{"start":{"line":298,"column":49},"end":{"line":298,"column":53}}]},"21":{"loc":{"start":{"line":301,"column":6},"end":{"line":307,"column":null}},"type":"if","locations":[{"start":{"line":301,"column":6},"end":{"line":307,"column":null}},{"start":{},"end":{}}]},"22":{"loc":{"start":{"line":318,"column":4},"end":{"line":321,"column":null}},"type":"if","locations":[{"start":{"line":318,"column":4},"end":{"line":321,"column":null}},{"start":{},"end":{}}]},"23":{"loc":{"start":{"line":325,"column":17},"end":{"line":325,"column":69}},"type":"cond-expr","locations":[{"start":{"line":325,"column":35},"end":{"line":325,"column":39}},{"start":{"line":325,"column":42},"end":{"line":325,"column":69}}]},"24":{"loc":{"start":{"line":326,"column":16},"end":{"line":326,"column":63}},"type":"cond-expr","locations":[{"start":{"line":326,"column":34},"end":{"line":326,"column":36}},{"start":{"line":326,"column":39},"end":{"line":326,"column":63}}]}},"s":{"0":13,"1":13,"2":8,"3":1,"4":7,"5":7,"6":7,"7":1,"8":1,"9":4,"10":4,"11":4,"12":4,"13":4,"14":4,"15":4,"16":4,"17":1,"18":1,"19":1,"20":1,"21":1,"22":1,"23":1,"24":1,"25":1,"26":11,"27":0,"28":11,"29":11,"30":0,"31":11,"32":11,"33":11,"34":1,"35":10,"36":10,"37":10,"38":7,"39":7,"40":7,"41":7,"42":7,"43":4,"44":4,"45":4,"46":4,"47":4,"48":4,"49":4,"50":4,"51":1,"52":3,"53":3,"54":4,"55":4,"56":4,"57":4,"58":4,"59":4,"60":4,"61":4,"62":5,"63":5,"64":5,"65":5,"66":0,"67":0,"68":0,"69":0,"70":0,"71":0,"72":0,"73":0,"74":0,"75":1},"f":{"0":13,"1":8,"2":1,"3":4,"4":1,"5":11,"6":7,"7":4,"8":4,"9":4,"10":4,"11":5},"b":{"0":[1,7],"1":[0,1],"2":[1,0],"3":[0,1],"4":[0,11],"5":[0,11],"6":[1,10],"7":[1,6],"8":[1,6],"9":[6,1],"10":[7,0],"11":[1,3],"12":[4,0],"13":[4,0],"14":[4,1],"15":[1,3],"16":[4,0],"17":[1,3],"18":[1,3],"19":[1,3],"20":[0,4],"21":[4,0],"22":[5,0],"23":[0,0],"24":[0,0]}}
,"/Users/alexnewhouse/proactivity/dissertation-support/src/settings-schema.ts": {"path":"/Users/alexnewhouse/proactivity/dissertation-support/src/settings-schema.ts","statementMap":{"0":{"start":{"line":10,"column":0},"end":{"line":10,"column":24}},"1":{"start":{"line":13,"column":13},"end":{"line":26,"column":11}},"2":{"start":{"line":29,"column":37},"end":{"line":29,"column":91}},"3":{"start":{"line":30,"column":25},"end":{"line":30,"column":83}},"4":{"start":{"line":31,"column":20},"end":{"line":31,"column":69}},"5":{"start":{"line":33,"column":13},"end":{"line":46,"column":3}},"6":{"start":{"line":59,"column":29},"end":{"line":59,"column":31}},"7":{"start":{"line":61,"column":2},"end":{"line":102,"column":null}},"8":{"start":{"line":63,"column":21},"end":{"line":63,"column":54}},"9":{"start":{"line":64,"column":4},"end":{"line":64,"column":34}},"10":{"start":{"line":67,"column":4},"end":{"line":97,"column":null}},"11":{"start":{"line":68,"column":21},"end":{"line":68,"column":58}},"12":{"start":{"line":70,"column":6},"end":{"line":96,"column":null}},"13":{"start":{"line":72,"column":47},"end":{"line":72,"column":49}},"14":{"start":{"line":74,"column":8},"end":{"line":89,"column":null}},"15":{"start":{"line":75,"column":22},"end":{"line":75,"column":60}},"16":{"start":{"line":78,"column":10},"end":{"line":88,"column":13}},"17":{"start":{"line":79,"column":12},"end":{"line":87,"column":null}},"18":{"start":{"line":80,"column":34},"end":{"line":80,"column":77}},"19":{"start":{"line":81,"column":14},"end":{"line":84,"column":null}},"20":{"start":{"line":82,"column":31},"end":{"line":82,"column":55}},"21":{"start":{"line":83,"column":17},"end":{"line":83,"column":51}},"22":{"start":{"line":86,"column":14},"end":{"line":86,"column":71}},"23":{"start":{"line":92,"column":25},"end":{"line":92,"column":64}},"24":{"start":{"line":93,"column":8},"end":{"line":93,"column":84}},"25":{"start":{"line":95,"column":8},"end":{"line":95,"column":38}},"26":{"start":{"line":100,"column":4},"end":{"line":100,"column":70}},"27":{"start":{"line":101,"column":4},"end":{"line":101,"column":52}},"28":{"start":{"line":55,"column":0},"end":{"line":55,"column":16}},"29":{"start":{"line":115,"column":2},"end":{"line":127,"column":null}},"30":{"start":{"line":116,"column":24},"end":{"line":116,"column":49}},"31":{"start":{"line":117,"column":23},"end":{"line":117,"column":47}},"32":{"start":{"line":119,"column":4},"end":{"line":121,"column":6}},"33":{"start":{"line":123,"column":4},"end":{"line":126,"column":6}},"34":{"start":{"line":110,"column":0},"end":{"line":110,"column":16}}},"fnMap":{"0":{"name":"validateSettings","decl":{"start":{"line":55,"column":16},"end":{"line":55,"column":32}},"loc":{"start":{"line":55,"column":53},"end":{"line":103,"column":1}}},"1":{"name":"(anonymous_1)","decl":{"start":{"line":78,"column":38},"end":{"line":78,"column":39}},"loc":{"start":{"line":78,"column":55},"end":{"line":88,"column":11}}},"2":{"name":"updateSetting","decl":{"start":{"line":110,"column":16},"end":{"line":110,"column":29}},"loc":{"start":{"line":113,"column":16},"end":{"line":128,"column":1}}}},"branchMap":{"0":{"loc":{"start":{"line":67,"column":4},"end":{"line":97,"column":null}},"type":"if","locations":[{"start":{"line":67,"column":4},"end":{"line":97,"column":null}},{"start":{},"end":{}}]},"1":{"loc":{"start":{"line":70,"column":6},"end":{"line":96,"column":null}},"type":"if","locations":[{"start":{"line":70,"column":6},"end":{"line":96,"column":null}},{"start":{},"end":{}}]},"2":{"loc":{"start":{"line":74,"column":8},"end":{"line":89,"column":null}},"type":"if","locations":[{"start":{"line":74,"column":8},"end":{"line":89,"column":null}},{"start":{},"end":{}}]},"3":{"loc":{"start":{"line":74,"column":12},"end":{"line":74,"column":58}},"type":"binary-expr","locations":[{"start":{"line":74,"column":12},"end":{"line":74,"column":23}},{"start":{"line":74,"column":27},"end":{"line":74,"column":58}}]},"4":{"loc":{"start":{"line":81,"column":14},"end":{"line":84,"column":null}},"type":"if","locations":[{"start":{"line":81,"column":14},"end":{"line":84,"column":null}},{"start":{},"end":{}}]}},"s":{"0":2,"1":2,"2":2,"3":2,"4":2,"5":2,"6":7,"7":7,"8":7,"9":3,"10":4,"11":4,"12":4,"13":4,"14":4,"15":4,"16":4,"17":19,"18":19,"19":19,"20":17,"21":13,"22":4,"23":4,"24":4,"25":4,"26":0,"27":0,"28":2,"29":2,"30":2,"31":2,"32":1,"33":1,"34":2},"f":{"0":7,"1":19,"2":2},"b":{"0":[4,0],"1":[4,0],"2":[4,0],"3":[4,4],"4":[17,2]}}
,"/Users/alexnewhouse/proactivity/dissertation-support/src/storage-service.ts": {"path":"/Users/alexnewhouse/proactivity/dissertation-support/src/storage-service.ts","statementMap":{"0":{"start":{"line":12,"column":0},"end":{"line":12,"column":81}},"1":{"start":{"line":16,"column":10},"end":{"line":16,"column":52}},"2":{"start":{"line":17,"column":10},"end":{"line":17,"column":25}},"3":{"start":{"line":18,"column":10},"end":{"line":18,"column":25}},"4":{"start":{"line":21,"column":4},"end":{"line":21,"column":25}},"5":{"start":{"line":29,"column":4},"end":{"line":42,"column":null}},"6":{"start":{"line":30,"column":22},"end":{"line":30,"column":50}},"7":{"start":{"line":31,"column":37},"end":{"line":31,"column":62}},"8":{"start":{"line":34,"column":6},"end":{"line":36,"column":null}},"9":{"start":{"line":35,"column":8},"end":{"line":35,"column":74}},"10":{"start":{"line":38,"column":6},"end":{"line":38,"column":22}},"11":{"start":{"line":40,"column":6},"end":{"line":40,"column":92}},"12":{"start":{"line":41,"column":6},"end":{"line":41,"column":30}},"13":{"start":{"line":51,"column":4},"end":{"line":53,"column":null}},"14":{"start":{"line":52,"column":6},"end":{"line":52,"column":37}},"15":{"start":{"line":56,"column":4},"end":{"line":58,"column":12}},"16":{"start":{"line":57,"column":6},"end":{"line":57,"column":39}},"17":{"start":{"line":66,"column":4},"end":{"line":69,"column":null}},"18":{"start":{"line":67,"column":6},"end":{"line":67,"column":37}},"19":{"start":{"line":68,"column":6},"end":{"line":68,"column":30}},"20":{"start":{"line":70,"column":4},"end":{"line":70,"column":37}},"21":{"start":{"line":81,"column":34},"end":{"line":81,"column":89}},"22":{"start":{"line":84,"column":4},"end":{"line":84,"column":38}},"23":{"start":{"line":86,"column":4},"end":{"line":86,"column":33}},"24":{"start":{"line":97,"column":25},"end":{"line":100,"column":6}},"25":{"start":{"line":102,"column":35},"end":{"line":102,"column":65}},"26":{"start":{"line":105,"column":4},"end":{"line":110,"column":null}},"27":{"start":{"line":106,"column":6},"end":{"line":109,"column":8}},"28":{"start":{"line":112,"column":4},"end":{"line":112,"column":24}},"29":{"start":{"line":119,"column":4},"end":{"line":142,"column":null}},"30":{"start":{"line":120,"column":6},"end":{"line":120,"column":43}},"31":{"start":{"line":121,"column":6},"end":{"line":121,"column":26}},"32":{"start":{"line":123,"column":6},"end":{"line":125,"column":null}},"33":{"start":{"line":124,"column":8},"end":{"line":124,"column":73}},"34":{"start":{"line":127,"column":6},"end":{"line":127,"column":75}},"35":{"start":{"line":129,"column":6},"end":{"line":141,"column":null}},"36":{"start":{"line":130,"column":8},"end":{"line":130,"column":26}},"37":{"start":{"line":131,"column":22},"end":{"line":131,"column":57}},"38":{"start":{"line":133,"column":8},"end":{"line":133,"column":121}},"39":{"start":{"line":135,"column":8},"end":{"line":137,"column":18}},"40":{"start":{"line":136,"column":10},"end":{"line":136,"column":37}},"41":{"start":{"line":139,"column":8},"end":{"line":139,"column":89}},"42":{"start":{"line":140,"column":8},"end":{"line":140,"column":28}},"43":{"start":{"line":150,"column":4},"end":{"line":150,"column":17}},"44":{"start":{"line":157,"column":4},"end":{"line":160,"column":null}},"45":{"start":{"line":158,"column":6},"end":{"line":158,"column":37}},"46":{"start":{"line":159,"column":6},"end":{"line":159,"column":30}},"47":{"start":{"line":14,"column":0},"end":{"line":14,"column":13}}},"fnMap":{"0":{"name":"(anonymous_0)","decl":{"start":{"line":20,"column":2},"end":{"line":20,"column":14}},"loc":{"start":{"line":20,"column":28},"end":{"line":22,"column":3}}},"1":{"name":"(anonymous_1)","decl":{"start":{"line":28,"column":2},"end":{"line":28,"column":7}},"loc":{"start":{"line":28,"column":20},"end":{"line":43,"column":3}}},"2":{"name":"(anonymous_2)","decl":{"start":{"line":49,"column":2},"end":{"line":49,"column":7}},"loc":{"start":{"line":49,"column":39},"end":{"line":59,"column":3}}},"3":{"name":"(anonymous_3)","decl":{"start":{"line":56,"column":34},"end":{"line":56,"column":39}},"loc":{"start":{"line":56,"column":45},"end":{"line":58,"column":5}}},"4":{"name":"(anonymous_4)","decl":{"start":{"line":65,"column":2},"end":{"line":65,"column":7}},"loc":{"start":{"line":65,"column":36},"end":{"line":71,"column":3}}},"5":{"name":"(anonymous_5)","decl":{"start":{"line":76,"column":2},"end":{"line":76,"column":7}},"loc":{"start":{"line":79,"column":22},"end":{"line":87,"column":3}}},"6":{"name":"(anonymous_6)","decl":{"start":{"line":92,"column":10},"end":{"line":92,"column":31}},"loc":{"start":{"line":95,"column":18},"end":{"line":113,"column":3}}},"7":{"name":"(anonymous_7)","decl":{"start":{"line":118,"column":10},"end":{"line":118,"column":15}},"loc":{"start":{"line":118,"column":46},"end":{"line":143,"column":3}}},"8":{"name":"(anonymous_8)","decl":{"start":{"line":135,"column":19},"end":{"line":135,"column":22}},"loc":{"start":{"line":135,"column":24},"end":{"line":137,"column":9}}},"9":{"name":"(anonymous_9)","decl":{"start":{"line":148,"column":10},"end":{"line":148,"column":19}},"loc":{"start":{"line":148,"column":19},"end":{"line":151,"column":3}}},"10":{"name":"(anonymous_10)","decl":{"start":{"line":156,"column":2},"end":{"line":156,"column":9}},"loc":{"start":{"line":156,"column":9},"end":{"line":161,"column":3}}}},"branchMap":{"0":{"loc":{"start":{"line":34,"column":6},"end":{"line":36,"column":null}},"type":"if","locations":[{"start":{"line":34,"column":6},"end":{"line":36,"column":null}},{"start":{},"end":{}}]},"1":{"loc":{"start":{"line":34,"column":10},"end":{"line":34,"column":49}},"type":"binary-expr","locations":[{"start":{"line":34,"column":10},"end":{"line":34,"column":29}},{"start":{"line":34,"column":33},"end":{"line":34,"column":49}}]},"2":{"loc":{"start":{"line":51,"column":4},"end":{"line":53,"column":null}},"type":"if","locations":[{"start":{"line":51,"column":4},"end":{"line":53,"column":null}},{"start":{},"end":{}}]},"3":{"loc":{"start":{"line":66,"column":4},"end":{"line":69,"column":null}},"type":"if","locations":[{"start":{"line":66,"column":4},"end":{"line":69,"column":null}},{"start":{},"end":{}}]},"4":{"loc":{"start":{"line":105,"column":4},"end":{"line":110,"column":null}},"type":"if","locations":[{"start":{"line":105,"column":4},"end":{"line":110,"column":null}},{"start":{},"end":{}}]},"5":{"loc":{"start":{"line":123,"column":6},"end":{"line":125,"column":null}},"type":"if","locations":[{"start":{"line":123,"column":6},"end":{"line":125,"column":null}},{"start":{},"end":{}}]},"6":{"loc":{"start":{"line":129,"column":6},"end":{"line":141,"column":null}},"type":"if","locations":[{"start":{"line":129,"column":6},"end":{"line":141,"column":null}},{"start":{"line":138,"column":13},"end":{"line":141,"column":null}}]},"7":{"loc":{"start":{"line":157,"column":4},"end":{"line":160,"column":null}},"type":"if","locations":[{"start":{"line":157,"column":4},"end":{"line":160,"column":null}},{"start":{},"end":{}}]}},"s":{"0":1,"1":8,"2":8,"3":8,"4":8,"5":3,"6":3,"7":2,"8":2,"9":0,"10":2,"11":1,"12":1,"13":5,"14":2,"15":5,"16":1,"17":2,"18":0,"19":0,"20":2,"21":2,"22":2,"23":2,"24":2,"25":2,"26":2,"27":1,"28":1,"29":3,"30":3,"31":3,"32":3,"33":0,"34":0,"35":0,"36":0,"37":0,"38":0,"39":0,"40":0,"41":0,"42":0,"43":4,"44":8,"45":3,"46":3,"47":1},"f":{"0":8,"1":3,"2":5,"3":1,"4":2,"5":2,"6":2,"7":3,"8":0,"9":4,"10":8},"b":{"0":[0,2],"1":[2,1],"2":[2,3],"3":[0,2],"4":[1,1],"5":[0,3],"6":[0,0],"7":[3,5]}}
,"/Users/alexnewhouse/proactivity/dissertation-support/src/task-service.ts": {"path":"/Users/alexnewhouse/proactivity/dissertation-support/src/task-service.ts","statementMap":{"0":{"start":{"line":46,"column":10},"end":{"line":46,"column":44}},"1":{"start":{"line":50,"column":4},"end":{"line":50,"column":19}},"2":{"start":{"line":51,"column":4},"end":{"line":51,"column":35}},"3":{"start":{"line":52,"column":4},"end":{"line":58,"column":6}},"4":{"start":{"line":66,"column":22},"end":{"line":66,"column":33}},"5":{"start":{"line":67,"column":4},"end":{"line":69,"column":null}},"6":{"start":{"line":68,"column":6},"end":{"line":68,"column":51}},"7":{"start":{"line":71,"column":18},"end":{"line":71,"column":36}},"8":{"start":{"line":72,"column":17},"end":{"line":72,"column":43}},"9":{"start":{"line":75,"column":4},"end":{"line":77,"column":null}},"10":{"start":{"line":76,"column":6},"end":{"line":76,"column":98}},"11":{"start":{"line":79,"column":28},"end":{"line":86,"column":6}},"12":{"start":{"line":88,"column":4},"end":{"line":88,"column":20}},"13":{"start":{"line":89,"column":4},"end":{"line":89,"column":16}},"14":{"start":{"line":97,"column":23},"end":{"line":97,"column":49}},"15":{"start":{"line":98,"column":17},"end":{"line":98,"column":50}},"16":{"start":{"line":99,"column":17},"end":{"line":99,"column":48}},"17":{"start":{"line":99,"column":32},"end":{"line":99,"column":47}},"18":{"start":{"line":101,"column":4},"end":{"line":103,"column":null}},"19":{"start":{"line":102,"column":6},"end":{"line":102,"column":18}},"20":{"start":{"line":105,"column":22},"end":{"line":105,"column":33}},"21":{"start":{"line":106,"column":4},"end":{"line":106,"column":28}},"22":{"start":{"line":107,"column":4},"end":{"line":107,"column":30}},"23":{"start":{"line":110,"column":4},"end":{"line":112,"column":null}},"24":{"start":{"line":111,"column":6},"end":{"line":111,"column":33}},"25":{"start":{"line":114,"column":4},"end":{"line":114,"column":16}},"26":{"start":{"line":122,"column":23},"end":{"line":122,"column":49}},"27":{"start":{"line":123,"column":17},"end":{"line":123,"column":50}},"28":{"start":{"line":124,"column":17},"end":{"line":124,"column":48}},"29":{"start":{"line":124,"column":32},"end":{"line":124,"column":47}},"30":{"start":{"line":126,"column":4},"end":{"line":128,"column":null}},"31":{"start":{"line":127,"column":6},"end":{"line":127,"column":18}},"32":{"start":{"line":131,"column":43},"end":{"line":131,"column":68}},"33":{"start":{"line":132,"column":25},"end":{"line":132,"column":57}},"34":{"start":{"line":133,"column":23},"end":{"line":133,"column":75}},"35":{"start":{"line":135,"column":4},"end":{"line":135,"column":59}},"36":{"start":{"line":142,"column":4},"end":{"line":142,"column":39}},"37":{"start":{"line":149,"column":18},"end":{"line":149,"column":36}},"38":{"start":{"line":150,"column":4},"end":{"line":150,"column":73}},"39":{"start":{"line":150,"column":54},"end":{"line":150,"column":71}},"40":{"start":{"line":165,"column":18},"end":{"line":165,"column":66}},"41":{"start":{"line":166,"column":17},"end":{"line":166,"column":62}},"42":{"start":{"line":166,"column":35},"end":{"line":166,"column":54}},"43":{"start":{"line":167,"column":18},"end":{"line":167,"column":64}},"44":{"start":{"line":167,"column":36},"end":{"line":167,"column":56}},"45":{"start":{"line":168,"column":17},"end":{"line":168,"column":62}},"46":{"start":{"line":168,"column":35},"end":{"line":168,"column":54}},"47":{"start":{"line":169,"column":18},"end":{"line":169,"column":30}},"48":{"start":{"line":171,"column":27},"end":{"line":171,"column":55}},"49":{"start":{"line":174,"column":48},"end":{"line":174,"column":53}},"50":{"start":{"line":175,"column":4},"end":{"line":176,"column":70}},"51":{"start":{"line":175,"column":44},"end":{"line":175,"column":62}},"52":{"start":{"line":176,"column":9},"end":{"line":176,"column":70}},"53":{"start":{"line":176,"column":48},"end":{"line":176,"column":70}},"54":{"start":{"line":178,"column":4},"end":{"line":178,"column":66}},"55":{"start":{"line":186,"column":23},"end":{"line":186,"column":49}},"56":{"start":{"line":187,"column":17},"end":{"line":187,"column":50}},"57":{"start":{"line":190,"column":20},"end":{"line":190,"column":53}},"58":{"start":{"line":190,"column":42},"end":{"line":190,"column":51}},"59":{"start":{"line":191,"column":4},"end":{"line":193,"column":null}},"60":{"start":{"line":191,"column":29},"end":{"line":191,"column":44}},"61":{"start":{"line":192,"column":6},"end":{"line":192,"column":19}},"62":{"start":{"line":196,"column":4},"end":{"line":200,"column":7}},"63":{"start":{"line":197,"column":19},"end":{"line":197,"column":35}},"64":{"start":{"line":198,"column":6},"end":{"line":198,"column":25}},"65":{"start":{"line":199,"column":6},"end":{"line":199,"column":32}},"66":{"start":{"line":203,"column":4},"end":{"line":203,"column":43}},"67":{"start":{"line":203,"column":24},"end":{"line":203,"column":41}},"68":{"start":{"line":205,"column":4},"end":{"line":205,"column":16}},"69":{"start":{"line":213,"column":48},"end":{"line":223,"column":6}},"70":{"start":{"line":225,"column":18},"end":{"line":225,"column":40}},"71":{"start":{"line":226,"column":28},"end":{"line":226,"column":30}},"72":{"start":{"line":228,"column":4},"end":{"line":253,"column":null}},"73":{"start":{"line":230,"column":26},"end":{"line":230,"column":57}},"74":{"start":{"line":231,"column":6},"end":{"line":231,"column":33}},"75":{"start":{"line":231,"column":24},"end":{"line":231,"column":33}},"76":{"start":{"line":233,"column":19},"end":{"line":233,"column":40}},"77":{"start":{"line":236,"column":6},"end":{"line":238,"column":null}},"78":{"start":{"line":237,"column":8},"end":{"line":237,"column":17}},"79":{"start":{"line":241,"column":6},"end":{"line":243,"column":null}},"80":{"start":{"line":241,"column":56},"end":{"line":241,"column":74}},"81":{"start":{"line":242,"column":8},"end":{"line":242,"column":17}},"82":{"start":{"line":246,"column":6},"end":{"line":248,"column":null}},"83":{"start":{"line":247,"column":8},"end":{"line":247,"column":25}},"84":{"start":{"line":250,"column":6},"end":{"line":252,"column":null}},"85":{"start":{"line":251,"column":8},"end":{"line":251,"column":14}},"86":{"start":{"line":255,"column":4},"end":{"line":255,"column":17}},"87":{"start":{"line":266,"column":17},"end":{"line":266,"column":67}},"88":{"start":{"line":267,"column":4},"end":{"line":269,"column":null}},"89":{"start":{"line":268,"column":6},"end":{"line":268,"column":45}},"90":{"start":{"line":272,"column":20},"end":{"line":272,"column":65}},"91":{"start":{"line":273,"column":27},"end":{"line":273,"column":78}},"92":{"start":{"line":275,"column":4},"end":{"line":277,"column":null}},"93":{"start":{"line":276,"column":6},"end":{"line":276,"column":64}},"94":{"start":{"line":280,"column":38},"end":{"line":280,"column":40}},"95":{"start":{"line":281,"column":4},"end":{"line":289,"column":null}},"96":{"start":{"line":282,"column":6},"end":{"line":288,"column":null}},"97":{"start":{"line":283,"column":21},"end":{"line":283,"column":46}},"98":{"start":{"line":284,"column":8},"end":{"line":284,"column":32}},"99":{"start":{"line":287,"column":8},"end":{"line":287,"column":14}},"100":{"start":{"line":291,"column":4},"end":{"line":294,"column":6}},"101":{"start":{"line":302,"column":18},"end":{"line":302,"column":66}},"102":{"start":{"line":303,"column":24},"end":{"line":303,"column":63}},"103":{"start":{"line":303,"column":45},"end":{"line":303,"column":62}},"104":{"start":{"line":304,"column":18},"end":{"line":304,"column":41}},"105":{"start":{"line":306,"column":24},"end":{"line":306,"column":54}},"106":{"start":{"line":307,"column":22},"end":{"line":307,"column":50}},"107":{"start":{"line":309,"column":4},"end":{"line":320,"column":null}},"108":{"start":{"line":310,"column":25},"end":{"line":310,"column":110}},"109":{"start":{"line":311,"column":21},"end":{"line":311,"column":98}},"110":{"start":{"line":313,"column":6},"end":{"line":319,"column":14}},"111":{"start":{"line":322,"column":22},"end":{"line":330,"column":17}},"112":{"start":{"line":323,"column":26},"end":{"line":323,"column":49}},"113":{"start":{"line":324,"column":26},"end":{"line":324,"column":52}},"114":{"start":{"line":326,"column":6},"end":{"line":329,"column":8}},"115":{"start":{"line":332,"column":19},"end":{"line":332,"column":96}},"116":{"start":{"line":333,"column":25},"end":{"line":333,"column":60}},"117":{"start":{"line":334,"column":30},"end":{"line":334,"column":66}},"118":{"start":{"line":336,"column":4},"end":{"line":342,"column":14}},"119":{"start":{"line":350,"column":23},"end":{"line":350,"column":49}},"120":{"start":{"line":351,"column":26},"end":{"line":351,"column":44}},"121":{"start":{"line":353,"column":15},"end":{"line":353,"column":73}},"122":{"start":{"line":354,"column":4},"end":{"line":362,"column":null}},"123":{"start":{"line":355,"column":6},"end":{"line":355,"column":72}},"124":{"start":{"line":356,"column":6},"end":{"line":356,"column":65}},"125":{"start":{"line":359,"column":6},"end":{"line":361,"column":null}},"126":{"start":{"line":360,"column":8},"end":{"line":360,"column":39}},"127":{"start":{"line":365,"column":20},"end":{"line":365,"column":62}},"128":{"start":{"line":366,"column":22},"end":{"line":366,"column":54}},"129":{"start":{"line":369,"column":24},"end":{"line":369,"column":54}},"130":{"start":{"line":370,"column":22},"end":{"line":370,"column":50}},"131":{"start":{"line":372,"column":4},"end":{"line":392,"column":null}},"132":{"start":{"line":374,"column":6},"end":{"line":377,"column":8}},"133":{"start":{"line":380,"column":27},"end":{"line":380,"column":56}},"134":{"start":{"line":381,"column":6},"end":{"line":391,"column":null}},"135":{"start":{"line":382,"column":8},"end":{"line":382,"column":93}},"136":{"start":{"line":384,"column":22},"end":{"line":384,"column":41}},"137":{"start":{"line":385,"column":26},"end":{"line":385,"column":27}},"138":{"start":{"line":386,"column":8},"end":{"line":388,"column":null}},"139":{"start":{"line":387,"column":10},"end":{"line":387,"column":26}},"140":{"start":{"line":389,"column":8},"end":{"line":389,"column":52}},"141":{"start":{"line":390,"column":8},"end":{"line":390,"column":38}},"142":{"start":{"line":395,"column":4},"end":{"line":395,"column":72}},"143":{"start":{"line":402,"column":4},"end":{"line":402,"column":34}},"144":{"start":{"line":409,"column":4},"end":{"line":409,"column":34}},"145":{"start":{"line":416,"column":4},"end":{"line":416,"column":50}},"146":{"start":{"line":420,"column":18},"end":{"line":420,"column":36}},"147":{"start":{"line":421,"column":4},"end":{"line":423,"column":null}},"148":{"start":{"line":422,"column":6},"end":{"line":422,"column":34}},"149":{"start":{"line":424,"column":4},"end":{"line":424,"column":34}},"150":{"start":{"line":428,"column":4},"end":{"line":428,"column":63}},"151":{"start":{"line":434,"column":4},"end":{"line":434,"column":62}},"152":{"start":{"line":438,"column":4},"end":{"line":443,"column":30}},"153":{"start":{"line":447,"column":4},"end":{"line":451,"column":null}},"154":{"start":{"line":448,"column":19},"end":{"line":448,"column":31}},"155":{"start":{"line":449,"column":23},"end":{"line":449,"column":34}},"156":{"start":{"line":450,"column":18},"end":{"line":450,"column":30}},"157":{"start":{"line":44,"column":0},"end":{"line":44,"column":13}}},"fnMap":{"0":{"name":"(anonymous_0)","decl":{"start":{"line":49,"column":2},"end":{"line":49,"column":14}},"loc":{"start":{"line":49,"column":107},"end":{"line":59,"column":3}}},"1":{"name":"(anonymous_1)","decl":{"start":{"line":65,"column":2},"end":{"line":65,"column":12}},"loc":{"start":{"line":65,"column":25},"end":{"line":90,"column":3}}},"2":{"name":"(anonymous_2)","decl":{"start":{"line":96,"column":2},"end":{"line":96,"column":18}},"loc":{"start":{"line":96,"column":76},"end":{"line":115,"column":3}}},"3":{"name":"(anonymous_3)","decl":{"start":{"line":99,"column":27},"end":{"line":99,"column":28}},"loc":{"start":{"line":99,"column":32},"end":{"line":99,"column":47}}},"4":{"name":"(anonymous_4)","decl":{"start":{"line":121,"column":2},"end":{"line":121,"column":17}},"loc":{"start":{"line":121,"column":47},"end":{"line":136,"column":3}}},"5":{"name":"(anonymous_5)","decl":{"start":{"line":124,"column":27},"end":{"line":124,"column":28}},"loc":{"start":{"line":124,"column":32},"end":{"line":124,"column":47}}},"6":{"name":"(anonymous_6)","decl":{"start":{"line":141,"column":2},"end":{"line":141,"column":17}},"loc":{"start":{"line":141,"column":30},"end":{"line":143,"column":3}}},"7":{"name":"(anonymous_7)","decl":{"start":{"line":148,"column":2},"end":{"line":148,"column":16}},"loc":{"start":{"line":148,"column":16},"end":{"line":151,"column":3}}},"8":{"name":"(anonymous_8)","decl":{"start":{"line":150,"column":44},"end":{"line":150,"column":45}},"loc":{"start":{"line":150,"column":54},"end":{"line":150,"column":71}}},"9":{"name":"(anonymous_9)","decl":{"start":{"line":157,"column":2},"end":{"line":157,"column":14}},"loc":{"start":{"line":157,"column":28},"end":{"line":179,"column":3}}},"10":{"name":"(anonymous_10)","decl":{"start":{"line":166,"column":30},"end":{"line":166,"column":31}},"loc":{"start":{"line":166,"column":35},"end":{"line":166,"column":54}}},"11":{"name":"(anonymous_11)","decl":{"start":{"line":167,"column":31},"end":{"line":167,"column":32}},"loc":{"start":{"line":167,"column":36},"end":{"line":167,"column":56}}},"12":{"name":"(anonymous_12)","decl":{"start":{"line":168,"column":30},"end":{"line":168,"column":31}},"loc":{"start":{"line":168,"column":35},"end":{"line":168,"column":54}}},"13":{"name":"(anonymous_13)","decl":{"start":{"line":185,"column":2},"end":{"line":185,"column":14}},"loc":{"start":{"line":185,"column":47},"end":{"line":206,"column":3}}},"14":{"name":"(anonymous_14)","decl":{"start":{"line":190,"column":37},"end":{"line":190,"column":38}},"loc":{"start":{"line":190,"column":42},"end":{"line":190,"column":51}}},"15":{"name":"(anonymous_15)","decl":{"start":{"line":191,"column":23},"end":{"line":191,"column":25}},"loc":{"start":{"line":191,"column":29},"end":{"line":191,"column":44}}},"16":{"name":"(anonymous_16)","decl":{"start":{"line":196,"column":20},"end":{"line":196,"column":21}},"loc":{"start":{"line":196,"column":34},"end":{"line":200,"column":5}}},"17":{"name":"(anonymous_17)","decl":{"start":{"line":203,"column":14},"end":{"line":203,"column":15}},"loc":{"start":{"line":203,"column":24},"end":{"line":203,"column":41}}},"18":{"name":"(anonymous_18)","decl":{"start":{"line":212,"column":2},"end":{"line":212,"column":25}},"loc":{"start":{"line":212,"column":85},"end":{"line":256,"column":3}}},"19":{"name":"(anonymous_19)","decl":{"start":{"line":241,"column":45},"end":{"line":241,"column":52}},"loc":{"start":{"line":241,"column":56},"end":{"line":241,"column":74}}},"20":{"name":"(anonymous_20)","decl":{"start":{"line":262,"column":2},"end":{"line":262,"column":7}},"loc":{"start":{"line":262,"column":68},"end":{"line":295,"column":3}}},"21":{"name":"(anonymous_21)","decl":{"start":{"line":301,"column":2},"end":{"line":301,"column":23}},"loc":{"start":{"line":301,"column":37},"end":{"line":343,"column":3}}},"22":{"name":"(anonymous_22)","decl":{"start":{"line":303,"column":35},"end":{"line":303,"column":36}},"loc":{"start":{"line":303,"column":45},"end":{"line":303,"column":62}}},"23":{"name":"(anonymous_23)","decl":{"start":{"line":322,"column":38},"end":{"line":322,"column":42}},"loc":{"start":{"line":322,"column":45},"end":{"line":330,"column":5}}},"24":{"name":"(anonymous_24)","decl":{"start":{"line":349,"column":2},"end":{"line":349,"column":7}},"loc":{"start":{"line":349,"column":77},"end":{"line":396,"column":3}}},"25":{"name":"(anonymous_25)","decl":{"start":{"line":401,"column":2},"end":{"line":401,"column":14}},"loc":{"start":{"line":401,"column":14},"end":{"line":403,"column":3}}},"26":{"name":"(anonymous_26)","decl":{"start":{"line":408,"column":2},"end":{"line":408,"column":14}},"loc":{"start":{"line":408,"column":37},"end":{"line":410,"column":3}}},"27":{"name":"(anonymous_27)","decl":{"start":{"line":415,"column":10},"end":{"line":415,"column":21}},"loc":{"start":{"line":415,"column":21},"end":{"line":417,"column":3}}},"28":{"name":"(anonymous_28)","decl":{"start":{"line":419,"column":10},"end":{"line":419,"column":29}},"loc":{"start":{"line":419,"column":29},"end":{"line":425,"column":3}}},"29":{"name":"(anonymous_29)","decl":{"start":{"line":427,"column":10},"end":{"line":427,"column":24}},"loc":{"start":{"line":427,"column":37},"end":{"line":429,"column":3}}},"30":{"name":"(anonymous_30)","decl":{"start":{"line":431,"column":10},"end":{"line":431,"column":25}},"loc":{"start":{"line":431,"column":41},"end":{"line":435,"column":3}}},"31":{"name":"(anonymous_31)","decl":{"start":{"line":437,"column":10},"end":{"line":437,"column":20}},"loc":{"start":{"line":437,"column":33},"end":{"line":444,"column":3}}},"32":{"name":"(anonymous_32)","decl":{"start":{"line":446,"column":10},"end":{"line":446,"column":25}},"loc":{"start":{"line":446,"column":63},"end":{"line":452,"column":3}}}},"branchMap":{"0":{"loc":{"start":{"line":49,"column":33},"end":{"line":49,"column":68}},"type":"default-arg","locations":[{"start":{"line":49,"column":66},"end":{"line":49,"column":68}}]},"1":{"loc":{"start":{"line":49,"column":70},"end":{"line":49,"column":107}},"type":"default-arg","locations":[{"start":{"line":49,"column":105},"end":{"line":49,"column":107}}]},"2":{"loc":{"start":{"line":67,"column":4},"end":{"line":69,"column":null}},"type":"if","locations":[{"start":{"line":67,"column":4},"end":{"line":69,"column":null}},{"start":{},"end":{}}]},"3":{"loc":{"start":{"line":75,"column":4},"end":{"line":77,"column":null}},"type":"if","locations":[{"start":{"line":75,"column":4},"end":{"line":77,"column":null}},{"start":{},"end":{}}]},"4":{"loc":{"start":{"line":97,"column":23},"end":{"line":97,"column":49}},"type":"binary-expr","locations":[{"start":{"line":97,"column":23},"end":{"line":97,"column":27}},{"start":{"line":97,"column":31},"end":{"line":97,"column":49}}]},"5":{"loc":{"start":{"line":98,"column":17},"end":{"line":98,"column":50}},"type":"binary-expr","locations":[{"start":{"line":98,"column":17},"end":{"line":98,"column":44}},{"start":{"line":98,"column":48},"end":{"line":98,"column":50}}]},"6":{"loc":{"start":{"line":101,"column":4},"end":{"line":103,"column":null}},"type":"if","locations":[{"start":{"line":101,"column":4},"end":{"line":103,"column":null}},{"start":{},"end":{}}]},"7":{"loc":{"start":{"line":110,"column":4},"end":{"line":112,"column":null}},"type":"if","locations":[{"start":{"line":110,"column":4},"end":{"line":112,"column":null}},{"start":{},"end":{}}]},"8":{"loc":{"start":{"line":110,"column":8},"end":{"line":110,"column":52}},"type":"binary-expr","locations":[{"start":{"line":110,"column":8},"end":{"line":110,"column":28}},{"start":{"line":110,"column":32},"end":{"line":110,"column":52}}]},"9":{"loc":{"start":{"line":122,"column":23},"end":{"line":122,"column":49}},"type":"binary-expr","locations":[{"start":{"line":122,"column":23},"end":{"line":122,"column":27}},{"start":{"line":122,"column":31},"end":{"line":122,"column":49}}]},"10":{"loc":{"start":{"line":123,"column":17},"end":{"line":123,"column":50}},"type":"binary-expr","locations":[{"start":{"line":123,"column":17},"end":{"line":123,"column":44}},{"start":{"line":123,"column":48},"end":{"line":123,"column":50}}]},"11":{"loc":{"start":{"line":126,"column":4},"end":{"line":128,"column":null}},"type":"if","locations":[{"start":{"line":126,"column":4},"end":{"line":128,"column":null}},{"start":{},"end":{}}]},"12":{"loc":{"start":{"line":142,"column":11},"end":{"line":142,"column":38}},"type":"binary-expr","locations":[{"start":{"line":142,"column":11},"end":{"line":142,"column":32}},{"start":{"line":142,"column":36},"end":{"line":142,"column":38}}]},"13":{"loc":{"start":{"line":165,"column":39},"end":{"line":165,"column":65}},"type":"binary-expr","locations":[{"start":{"line":165,"column":39},"end":{"line":165,"column":43}},{"start":{"line":165,"column":47},"end":{"line":165,"column":65}}]},"14":{"loc":{"start":{"line":171,"column":27},"end":{"line":171,"column":55}},"type":"cond-expr","locations":[{"start":{"line":171,"column":39},"end":{"line":171,"column":51}},{"start":{"line":171,"column":54},"end":{"line":171,"column":55}}]},"15":{"loc":{"start":{"line":175,"column":4},"end":{"line":176,"column":70}},"type":"if","locations":[{"start":{"line":175,"column":4},"end":{"line":176,"column":70}},{"start":{"line":176,"column":9},"end":{"line":176,"column":70}}]},"16":{"loc":{"start":{"line":175,"column":8},"end":{"line":175,"column":42}},"type":"binary-expr","locations":[{"start":{"line":175,"column":8},"end":{"line":175,"column":29}},{"start":{"line":175,"column":33},"end":{"line":175,"column":42}}]},"17":{"loc":{"start":{"line":176,"column":9},"end":{"line":176,"column":70}},"type":"if","locations":[{"start":{"line":176,"column":9},"end":{"line":176,"column":70}},{"start":{},"end":{}}]},"18":{"loc":{"start":{"line":176,"column":13},"end":{"line":176,"column":46}},"type":"binary-expr","locations":[{"start":{"line":176,"column":13},"end":{"line":176,"column":34}},{"start":{"line":176,"column":38},"end":{"line":176,"column":46}}]},"19":{"loc":{"start":{"line":186,"column":23},"end":{"line":186,"column":49}},"type":"binary-expr","locations":[{"start":{"line":186,"column":23},"end":{"line":186,"column":27}},{"start":{"line":186,"column":31},"end":{"line":186,"column":49}}]},"20":{"loc":{"start":{"line":187,"column":17},"end":{"line":187,"column":50}},"type":"binary-expr","locations":[{"start":{"line":187,"column":17},"end":{"line":187,"column":44}},{"start":{"line":187,"column":48},"end":{"line":187,"column":50}}]},"21":{"loc":{"start":{"line":191,"column":4},"end":{"line":193,"column":null}},"type":"if","locations":[{"start":{"line":191,"column":4},"end":{"line":193,"column":null}},{"start":{},"end":{}}]},"22":{"loc":{"start":{"line":212,"column":43},"end":{"line":212,"column":85}},"type":"default-arg","locations":[{"start":{"line":212,"column":83},"end":{"line":212,"column":85}}]},"23":{"loc":{"start":{"line":231,"column":6},"end":{"line":231,"column":33}},"type":"if","locations":[{"start":{"line":231,"column":6},"end":{"line":231,"column":33}},{"start":{},"end":{}}]},"24":{"loc":{"start":{"line":236,"column":6},"end":{"line":238,"column":null}},"type":"if","locations":[{"start":{"line":236,"column":6},"end":{"line":238,"column":null}},{"start":{},"end":{}}]},"25":{"loc":{"start":{"line":236,"column":10},"end":{"line":236,"column":88}},"type":"binary-expr","locations":[{"start":{"line":236,"column":10},"end":{"line":236,"column":47}},{"start":{"line":236,"column":51},"end":{"line":236,"column":88}}]},"26":{"loc":{"start":{"line":241,"column":6},"end":{"line":243,"column":null}},"type":"if","locations":[{"start":{"line":241,"column":6},"end":{"line":243,"column":null}},{"start":{},"end":{}}]},"27":{"loc":{"start":{"line":246,"column":6},"end":{"line":248,"column":null}},"type":"if","locations":[{"start":{"line":246,"column":6},"end":{"line":248,"column":null}},{"start":{},"end":{}}]},"28":{"loc":{"start":{"line":250,"column":6},"end":{"line":252,"column":null}},"type":"if","locations":[{"start":{"line":250,"column":6},"end":{"line":252,"column":null}},{"start":{},"end":{}}]},"29":{"loc":{"start":{"line":262,"column":48},"end":{"line":262,"column":68}},"type":"default-arg","locations":[{"start":{"line":262,"column":67},"end":{"line":262,"column":68}}]},"30":{"loc":{"start":{"line":267,"column":4},"end":{"line":269,"column":null}},"type":"if","locations":[{"start":{"line":267,"column":4},"end":{"line":269,"column":null}},{"start":{},"end":{}}]},"31":{"loc":{"start":{"line":275,"column":4},"end":{"line":277,"column":null}},"type":"if","locations":[{"start":{"line":275,"column":4},"end":{"line":277,"column":null}},{"start":{},"end":{}}]},"32":{"loc":{"start":{"line":302,"column":39},"end":{"line":302,"column":65}},"type":"binary-expr","locations":[{"start":{"line":302,"column":39},"end":{"line":302,"column":43}},{"start":{"line":302,"column":47},"end":{"line":302,"column":65}}]},"33":{"loc":{"start":{"line":309,"column":4},"end":{"line":320,"column":null}},"type":"if","locations":[{"start":{"line":309,"column":4},"end":{"line":320,"column":null}},{"start":{},"end":{}}]},"34":{"loc":{"start":{"line":309,"column":8},"end":{"line":309,"column":62}},"type":"binary-expr","locations":[{"start":{"line":309,"column":8},"end":{"line":309,"column":32}},{"start":{"line":309,"column":36},"end":{"line":309,"column":62}}]},"35":{"loc":{"start":{"line":349,"column":50},"end":{"line":349,"column":77}},"type":"default-arg","locations":[{"start":{"line":349,"column":72},"end":{"line":349,"column":77}}]},"36":{"loc":{"start":{"line":350,"column":23},"end":{"line":350,"column":49}},"type":"binary-expr","locations":[{"start":{"line":350,"column":23},"end":{"line":350,"column":27}},{"start":{"line":350,"column":31},"end":{"line":350,"column":49}}]},"37":{"loc":{"start":{"line":354,"column":4},"end":{"line":362,"column":null}},"type":"if","locations":[{"start":{"line":354,"column":4},"end":{"line":362,"column":null}},{"start":{},"end":{}}]},"38":{"loc":{"start":{"line":359,"column":6},"end":{"line":361,"column":null}},"type":"if","locations":[{"start":{"line":359,"column":6},"end":{"line":361,"column":null}},{"start":{},"end":{}}]},"39":{"loc":{"start":{"line":372,"column":4},"end":{"line":392,"column":null}},"type":"if","locations":[{"start":{"line":372,"column":4},"end":{"line":392,"column":null}},{"start":{"line":378,"column":11},"end":{"line":392,"column":null}}]},"40":{"loc":{"start":{"line":372,"column":8},"end":{"line":372,"column":68}},"type":"binary-expr","locations":[{"start":{"line":372,"column":8},"end":{"line":372,"column":37}},{"start":{"line":372,"column":41},"end":{"line":372,"column":68}}]},"41":{"loc":{"start":{"line":381,"column":6},"end":{"line":391,"column":null}},"type":"if","locations":[{"start":{"line":381,"column":6},"end":{"line":391,"column":null}},{"start":{"line":383,"column":13},"end":{"line":391,"column":null}}]},"42":{"loc":{"start":{"line":386,"column":8},"end":{"line":388,"column":null}},"type":"if","locations":[{"start":{"line":386,"column":8},"end":{"line":388,"column":null}},{"start":{},"end":{}}]},"43":{"loc":{"start":{"line":386,"column":12},"end":{"line":386,"column":52}},"type":"binary-expr","locations":[{"start":{"line":386,"column":12},"end":{"line":386,"column":28}},{"start":{"line":386,"column":32},"end":{"line":386,"column":52}}]},"44":{"loc":{"start":{"line":421,"column":4},"end":{"line":423,"column":null}},"type":"if","locations":[{"start":{"line":421,"column":4},"end":{"line":423,"column":null}},{"start":{},"end":{}}]},"45":{"loc":{"start":{"line":447,"column":4},"end":{"line":451,"column":null}},"type":"switch","locations":[{"start":{"line":448,"column":6},"end":{"line":448,"column":31}},{"start":{"line":449,"column":6},"end":{"line":449,"column":34}},{"start":{"line":450,"column":6},"end":{"line":450,"column":30}}]}},"s":{"0":35,"1":35,"2":35,"3":35,"4":71,"5":71,"6":2,"7":69,"8":69,"9":69,"10":2,"11":67,"12":67,"13":67,"14":20,"15":20,"16":20,"17":43,"18":20,"19":1,"20":19,"21":19,"22":19,"23":19,"24":10,"25":19,"26":3,"27":3,"28":3,"29":3,"30":3,"31":0,"32":3,"33":3,"34":3,"35":3,"36":22,"37":3,"38":3,"39":7,"40":10,"41":10,"42":15,"43":10,"44":15,"45":10,"46":15,"47":10,"48":10,"49":10,"50":10,"51":4,"52":6,"53":1,"54":10,"55":3,"56":3,"57":3,"58":9,"59":3,"60":8,"61":1,"62":2,"63":6,"64":6,"65":6,"66":2,"67":7,"68":2,"69":6,"70":6,"71":6,"72":6,"73":48,"74":48,"75":26,"76":22,"77":22,"78":0,"79":22,"80":64,"81":2,"82":20,"83":20,"84":20,"85":2,"86":6,"87":3,"88":3,"89":1,"90":2,"91":2,"92":2,"93":0,"94":2,"95":2,"96":6,"97":6,"98":6,"99":0,"100":2,"101":7,"102":7,"103":2,"104":7,"105":7,"106":7,"107":7,"108":3,"109":3,"110":3,"111":4,"112":6,"113":6,"114":6,"115":4,"116":4,"117":4,"118":4,"119":2,"120":2,"121":2,"122":2,"123":1,"124":1,"125":1,"126":0,"127":2,"128":2,"129":2,"130":2,"131":2,"132":0,"133":2,"134":2,"135":0,"136":2,"137":2,"138":2,"139":2,"140":2,"141":2,"142":2,"143":1,"144":3,"145":186,"146":69,"147":69,"148":25,"149":69,"150":67,"151":10,"152":6,"153":4,"154":2,"155":0,"156":2,"157":1},"f":{"0":35,"1":71,"2":20,"3":43,"4":3,"5":3,"6":22,"7":3,"8":7,"9":10,"10":15,"11":15,"12":15,"13":3,"14":9,"15":8,"16":6,"17":7,"18":6,"19":64,"20":3,"21":7,"22":2,"23":6,"24":2,"25":1,"26":3,"27":186,"28":69,"29":67,"30":10,"31":6,"32":4},"b":{"0":[33],"1":[33],"2":[2,69],"3":[2,67],"4":[20,20],"5":[20,0],"6":[1,19],"7":[10,9],"8":[19,18],"9":[3,3],"10":[3,0],"11":[0,3],"12":[22,7],"13":[10,10],"14":[7,3],"15":[4,6],"16":[10,9],"17":[1,5],"18":[6,5],"19":[3,3],"20":[3,0],"21":[1,2],"22":[2],"23":[26,22],"24":[0,22],"25":[22,22],"26":[2,20],"27":[20,0],"28":[2,18],"29":[2],"30":[1,2],"31":[0,2],"32":[7,7],"33":[3,4],"34":[7,3],"35":[2],"36":[2,2],"37":[1,1],"38":[0,1],"39":[0,2],"40":[2,0],"41":[0,2],"42":[2,0],"43":[2,2],"44":[25,44],"45":[2,0,2]}}
}
