TN:
SF:src/ai-service.ts
FN:50,(anonymous_0)
FN:63,(anonymous_1)
FN:97,(anonymous_2)
FN:130,(anonymous_3)
FN:161,(anonymous_4)
FN:163,(anonymous_5)
FN:184,(anonymous_6)
FN:226,(anonymous_7)
FN:238,(anonymous_8)
FN:250,(anonymous_9)
FN:259,(anonymous_10)
FN:281,(anonymous_11)
FN:307,(anonymous_12)
FN:333,(anonymous_13)
FN:341,(anonymous_14)
FN:349,(anonymous_15)
FN:357,(anonymous_16)
FN:363,(anonymous_17)
FN:364,(anonymous_18)
FN:370,(anonymous_19)
FNF:20
FNH:16
FNDA:9,(anonymous_0)
FNDA:7,(anonymous_1)
FNDA:1,(anonymous_2)
FNDA:8,(anonymous_3)
FNDA:10,(anonymous_4)
FNDA:0,(anonymous_5)
FNDA:10,(anonymous_6)
FNDA:0,(anonymous_7)
FNDA:0,(anonymous_8)
FNDA:7,(anonymous_9)
FNDA:8,(anonymous_10)
FNDA:2,(anonymous_11)
FNDA:0,(anonymous_12)
FNDA:8,(anonymous_13)
FNDA:6,(anonymous_14)
FNDA:2,(anonymous_15)
FNDA:3,(anonymous_16)
FNDA:3,(anonymous_17)
FNDA:3,(anonymous_18)
FNDA:1,(anonymous_19)
DA:46,1
DA:48,9
DA:51,9
DA:68,7
DA:70,7
DA:71,7
DA:72,7
DA:74,7
DA:81,5
DA:82,5
DA:85,2
DA:86,2
DA:89,2
DA:102,1
DA:104,1
DA:105,1
DA:106,1
DA:107,1
DA:109,1
DA:116,1
DA:117,1
DA:120,0
DA:121,0
DA:123,0
DA:131,8
DA:133,8
DA:134,1
DA:137,7
DA:138,10
DA:139,10
DA:140,6
DA:141,6
DA:144,4
DA:145,1
DA:149,3
DA:150,3
DA:151,3
DA:155,0
DA:162,10
DA:163,10
DA:165,10
DA:166,10
DA:168,10
DA:170,0
DA:172,0
DA:174,0
DA:177,10
DA:189,10
DA:207,9
DA:208,1
DA:209,1
DA:212,6
DA:213,6
DA:232,0
DA:244,0
DA:251,7
DA:264,8
DA:275,8
DA:282,2
DA:311,0
DA:334,8
DA:335,8
DA:337,0
DA:342,6
DA:343,6
DA:345,0
DA:350,2
DA:351,2
DA:353,0
DA:358,3
DA:359,0
DA:364,3
DA:371,1
LF:73
LH:59
BRDA:133,0,0,1
BRDA:133,0,1,7
BRDA:137,1,0,10
BRDA:137,1,1,0
BRDA:144,2,0,1
BRDA:144,2,1,3
BRDA:144,3,0,4
BRDA:144,3,1,0
BRDA:166,4,0,10
BRDA:166,4,1,0
BRDA:166,4,2,0
BRDA:166,4,3,0
BRDA:201,5,0,10
BRDA:201,5,1,0
BRDA:201,5,2,0
BRDA:202,6,0,10
BRDA:202,6,1,0
BRDA:202,6,2,0
BRDA:207,7,0,1
BRDA:207,7,1,6
BRDA:215,8,0,1
BRDA:215,8,1,5
BRDA:251,9,0,1
BRDA:251,9,1,6
BRDA:273,10,0,0
BRDA:273,10,1,8
BRDA:282,11,0,0
BRDA:282,11,1,2
BRDA:334,12,0,8
BRDA:334,12,1,0
BRDA:342,13,0,6
BRDA:342,13,1,0
BRDA:350,14,0,2
BRDA:350,14,1,0
BRDA:358,15,0,0
BRDA:358,15,1,3
BRF:36
BRH:21
end_of_record
TN:
SF:src/planning-service.ts
FN:54,(anonymous_0)
FN:63,(anonymous_1)
FN:78,(anonymous_2)
FN:87,(anonymous_3)
FN:118,(anonymous_4)
FN:138,(anonymous_5)
FN:185,(anonymous_6)
FN:228,(anonymous_7)
FN:272,(anonymous_8)
FN:280,(anonymous_9)
FN:293,(anonymous_10)
FN:315,(anonymous_11)
FNF:12
FNH:12
FNDA:13,(anonymous_0)
FNDA:8,(anonymous_1)
FNDA:1,(anonymous_2)
FNDA:4,(anonymous_3)
FNDA:1,(anonymous_4)
FNDA:11,(anonymous_5)
FNDA:7,(anonymous_6)
FNDA:4,(anonymous_7)
FNDA:4,(anonymous_8)
FNDA:4,(anonymous_9)
FNDA:4,(anonymous_10)
FNDA:5,(anonymous_11)
DA:50,1
DA:55,13
DA:56,13
DA:64,8
DA:65,1
DA:68,7
DA:69,7
DA:71,7
DA:79,1
DA:80,1
DA:88,4
DA:89,4
DA:92,4
DA:93,4
DA:96,4
DA:104,4
DA:106,4
DA:112,4
DA:119,1
DA:120,1
DA:122,1
DA:123,1
DA:124,1
DA:125,1
DA:128,1
DA:129,1
DA:131,1
DA:139,11
DA:140,0
DA:148,11
DA:149,11
DA:150,0
DA:158,11
DA:159,11
DA:161,11
DA:162,1
DA:170,10
DA:171,10
DA:173,10
DA:186,7
DA:187,7
DA:189,7
DA:193,7
DA:197,7
DA:234,4
DA:235,4
DA:238,4
DA:246,4
DA:266,4
DA:273,4
DA:274,4
DA:281,4
DA:282,1
DA:285,3
DA:286,3
DA:294,4
DA:295,4
DA:297,4
DA:298,4
DA:300,4
DA:301,4
DA:302,4
DA:303,4
DA:316,5
DA:318,5
DA:319,5
DA:320,5
DA:324,0
DA:325,0
DA:326,0
DA:328,0
DA:329,0
DA:331,0
DA:332,0
DA:333,0
DA:336,0
LF:76
LH:65
BRDA:64,0,0,1
BRDA:64,0,1,7
BRDA:120,1,0,0
BRDA:120,1,1,1
BRDA:123,2,0,1
BRDA:123,2,1,0
BRDA:128,3,0,0
BRDA:128,3,1,1
BRDA:139,4,0,0
BRDA:139,4,1,11
BRDA:149,5,0,0
BRDA:149,5,1,11
BRDA:161,6,0,1
BRDA:161,6,1,10
BRDA:187,7,0,1
BRDA:187,7,1,6
BRDA:189,8,0,1
BRDA:189,8,1,6
BRDA:193,9,0,6
BRDA:193,9,1,1
BRDA:211,10,0,7
BRDA:211,10,1,0
BRDA:250,11,0,1
BRDA:250,11,1,3
BRDA:250,12,0,4
BRDA:250,12,1,0
BRDA:251,13,0,4
BRDA:251,13,1,0
BRDA:252,14,0,4
BRDA:252,14,1,1
BRDA:255,15,0,1
BRDA:255,15,1,3
BRDA:258,16,0,4
BRDA:258,16,1,0
BRDA:258,17,0,1
BRDA:258,17,1,3
BRDA:273,18,0,1
BRDA:273,18,1,3
BRDA:281,19,0,1
BRDA:281,19,1,3
BRDA:298,20,0,0
BRDA:298,20,1,4
BRDA:301,21,0,4
BRDA:301,21,1,0
BRDA:318,22,0,5
BRDA:318,22,1,0
BRDA:325,23,0,0
BRDA:325,23,1,0
BRDA:326,24,0,0
BRDA:326,24,1,0
BRF:50
BRH:34
end_of_record
TN:
SF:src/settings-schema.ts
FN:55,validateSettings
FN:78,(anonymous_1)
FN:110,updateSetting
FNF:3
FNH:3
FNDA:7,validateSettings
FNDA:19,(anonymous_1)
FNDA:2,updateSetting
DA:10,2
DA:13,2
DA:29,2
DA:30,2
DA:31,2
DA:33,2
DA:55,2
DA:59,7
DA:61,7
DA:63,7
DA:64,3
DA:67,4
DA:68,4
DA:70,4
DA:72,4
DA:74,4
DA:75,4
DA:78,4
DA:79,19
DA:80,19
DA:81,19
DA:82,17
DA:83,13
DA:86,4
DA:92,4
DA:93,4
DA:95,4
DA:100,0
DA:101,0
DA:110,2
DA:115,2
DA:116,2
DA:117,2
DA:119,1
DA:123,1
LF:35
LH:33
BRDA:67,0,0,4
BRDA:67,0,1,0
BRDA:70,1,0,4
BRDA:70,1,1,0
BRDA:74,2,0,4
BRDA:74,2,1,0
BRDA:74,3,0,4
BRDA:74,3,1,4
BRDA:81,4,0,17
BRDA:81,4,1,2
BRF:10
BRH:7
end_of_record
TN:
SF:src/storage-service.ts
FN:20,(anonymous_0)
FN:28,(anonymous_1)
FN:49,(anonymous_2)
FN:56,(anonymous_3)
FN:65,(anonymous_4)
FN:76,(anonymous_5)
FN:92,(anonymous_6)
FN:118,(anonymous_7)
FN:135,(anonymous_8)
FN:148,(anonymous_9)
FN:156,(anonymous_10)
FNF:11
FNH:10
FNDA:8,(anonymous_0)
FNDA:3,(anonymous_1)
FNDA:5,(anonymous_2)
FNDA:1,(anonymous_3)
FNDA:2,(anonymous_4)
FNDA:2,(anonymous_5)
FNDA:2,(anonymous_6)
FNDA:3,(anonymous_7)
FNDA:0,(anonymous_8)
FNDA:4,(anonymous_9)
FNDA:8,(anonymous_10)
DA:12,1
DA:14,1
DA:16,8
DA:17,8
DA:18,8
DA:21,8
DA:29,3
DA:30,3
DA:31,2
DA:34,2
DA:35,0
DA:38,2
DA:40,1
DA:41,1
DA:51,5
DA:52,2
DA:56,5
DA:57,1
DA:66,2
DA:67,0
DA:68,0
DA:70,2
DA:81,2
DA:84,2
DA:86,2
DA:97,2
DA:102,2
DA:105,2
DA:106,1
DA:112,1
DA:119,3
DA:120,3
DA:121,3
DA:123,3
DA:124,0
DA:127,0
DA:129,0
DA:130,0
DA:131,0
DA:133,0
DA:135,0
DA:136,0
DA:139,0
DA:140,0
DA:150,4
DA:157,8
DA:158,3
DA:159,3
LF:48
LH:35
BRDA:34,0,0,0
BRDA:34,0,1,2
BRDA:34,1,0,2
BRDA:34,1,1,1
BRDA:51,2,0,2
BRDA:51,2,1,3
BRDA:66,3,0,0
BRDA:66,3,1,2
BRDA:105,4,0,1
BRDA:105,4,1,1
BRDA:123,5,0,0
BRDA:123,5,1,3
BRDA:129,6,0,0
BRDA:129,6,1,0
BRDA:157,7,0,3
BRDA:157,7,1,5
BRF:16
BRH:11
end_of_record
TN:
SF:src/task-service.ts
FN:49,(anonymous_0)
FN:65,(anonymous_1)
FN:96,(anonymous_2)
FN:99,(anonymous_3)
FN:121,(anonymous_4)
FN:124,(anonymous_5)
FN:141,(anonymous_6)
FN:148,(anonymous_7)
FN:150,(anonymous_8)
FN:157,(anonymous_9)
FN:166,(anonymous_10)
FN:167,(anonymous_11)
FN:168,(anonymous_12)
FN:185,(anonymous_13)
FN:190,(anonymous_14)
FN:191,(anonymous_15)
FN:196,(anonymous_16)
FN:203,(anonymous_17)
FN:212,(anonymous_18)
FN:241,(anonymous_19)
FN:262,(anonymous_20)
FN:301,(anonymous_21)
FN:303,(anonymous_22)
FN:322,(anonymous_23)
FN:349,(anonymous_24)
FN:401,(anonymous_25)
FN:408,(anonymous_26)
FN:415,(anonymous_27)
FN:419,(anonymous_28)
FN:427,(anonymous_29)
FN:431,(anonymous_30)
FN:437,(anonymous_31)
FN:446,(anonymous_32)
FNF:33
FNH:33
FNDA:35,(anonymous_0)
FNDA:71,(anonymous_1)
FNDA:20,(anonymous_2)
FNDA:43,(anonymous_3)
FNDA:3,(anonymous_4)
FNDA:3,(anonymous_5)
FNDA:22,(anonymous_6)
FNDA:3,(anonymous_7)
FNDA:7,(anonymous_8)
FNDA:10,(anonymous_9)
FNDA:15,(anonymous_10)
FNDA:15,(anonymous_11)
FNDA:15,(anonymous_12)
FNDA:3,(anonymous_13)
FNDA:9,(anonymous_14)
FNDA:8,(anonymous_15)
FNDA:6,(anonymous_16)
FNDA:7,(anonymous_17)
FNDA:6,(anonymous_18)
FNDA:64,(anonymous_19)
FNDA:3,(anonymous_20)
FNDA:7,(anonymous_21)
FNDA:2,(anonymous_22)
FNDA:6,(anonymous_23)
FNDA:2,(anonymous_24)
FNDA:1,(anonymous_25)
FNDA:3,(anonymous_26)
FNDA:186,(anonymous_27)
FNDA:69,(anonymous_28)
FNDA:67,(anonymous_29)
FNDA:10,(anonymous_30)
FNDA:6,(anonymous_31)
FNDA:4,(anonymous_32)
DA:44,1
DA:46,35
DA:50,35
DA:51,35
DA:52,35
DA:66,71
DA:67,71
DA:68,2
DA:71,69
DA:72,69
DA:75,69
DA:76,2
DA:79,67
DA:88,67
DA:89,67
DA:97,20
DA:98,20
DA:99,43
DA:101,20
DA:102,1
DA:105,19
DA:106,19
DA:107,19
DA:110,19
DA:111,10
DA:114,19
DA:122,3
DA:123,3
DA:124,3
DA:126,3
DA:127,0
DA:131,3
DA:132,3
DA:133,3
DA:135,3
DA:142,22
DA:149,3
DA:150,7
DA:165,10
DA:166,15
DA:167,15
DA:168,15
DA:169,10
DA:171,10
DA:174,10
DA:175,10
DA:176,6
DA:178,10
DA:186,3
DA:187,3
DA:190,9
DA:191,8
DA:192,1
DA:196,2
DA:197,6
DA:198,6
DA:199,6
DA:203,7
DA:205,2
DA:213,6
DA:225,6
DA:226,6
DA:228,6
DA:230,48
DA:231,48
DA:233,22
DA:236,22
DA:237,0
DA:241,64
DA:242,2
DA:246,20
DA:247,20
DA:250,20
DA:251,2
DA:255,6
DA:266,3
DA:267,3
DA:268,1
DA:272,2
DA:273,2
DA:275,2
DA:276,0
DA:280,2
DA:281,2
DA:282,6
DA:283,6
DA:284,6
DA:287,0
DA:291,2
DA:302,7
DA:303,7
DA:304,7
DA:306,7
DA:307,7
DA:309,7
DA:310,3
DA:311,3
DA:313,3
DA:322,4
DA:323,6
DA:324,6
DA:326,6
DA:332,4
DA:333,4
DA:334,4
DA:336,4
DA:350,2
DA:351,2
DA:353,2
DA:354,2
DA:355,1
DA:356,1
DA:359,1
DA:360,0
DA:365,2
DA:366,2
DA:369,2
DA:370,2
DA:372,2
DA:374,0
DA:380,2
DA:381,2
DA:382,0
DA:384,2
DA:385,2
DA:386,2
DA:387,2
DA:389,2
DA:390,2
DA:395,2
DA:402,1
DA:409,3
DA:416,186
DA:420,69
DA:421,69
DA:422,25
DA:424,69
DA:428,67
DA:434,10
DA:438,6
DA:447,4
DA:448,2
DA:449,0
DA:450,2
LF:144
LH:136
BRDA:49,0,0,33
BRDA:49,1,0,33
BRDA:67,2,0,2
BRDA:67,2,1,69
BRDA:75,3,0,2
BRDA:75,3,1,67
BRDA:97,4,0,20
BRDA:97,4,1,20
BRDA:98,5,0,20
BRDA:98,5,1,0
BRDA:101,6,0,1
BRDA:101,6,1,19
BRDA:110,7,0,10
BRDA:110,7,1,9
BRDA:110,8,0,19
BRDA:110,8,1,18
BRDA:122,9,0,3
BRDA:122,9,1,3
BRDA:123,10,0,3
BRDA:123,10,1,0
BRDA:126,11,0,0
BRDA:126,11,1,3
BRDA:142,12,0,22
BRDA:142,12,1,7
BRDA:165,13,0,10
BRDA:165,13,1,10
BRDA:171,14,0,7
BRDA:171,14,1,3
BRDA:175,15,0,4
BRDA:175,15,1,6
BRDA:175,16,0,10
BRDA:175,16,1,9
BRDA:176,17,0,1
BRDA:176,17,1,5
BRDA:176,18,0,6
BRDA:176,18,1,5
BRDA:186,19,0,3
BRDA:186,19,1,3
BRDA:187,20,0,3
BRDA:187,20,1,0
BRDA:191,21,0,1
BRDA:191,21,1,2
BRDA:212,22,0,2
BRDA:231,23,0,26
BRDA:231,23,1,22
BRDA:236,24,0,0
BRDA:236,24,1,22
BRDA:236,25,0,22
BRDA:236,25,1,22
BRDA:241,26,0,2
BRDA:241,26,1,20
BRDA:246,27,0,20
BRDA:246,27,1,0
BRDA:250,28,0,2
BRDA:250,28,1,18
BRDA:262,29,0,2
BRDA:267,30,0,1
BRDA:267,30,1,2
BRDA:275,31,0,0
BRDA:275,31,1,2
BRDA:302,32,0,7
BRDA:302,32,1,7
BRDA:309,33,0,3
BRDA:309,33,1,4
BRDA:309,34,0,7
BRDA:309,34,1,3
BRDA:349,35,0,2
BRDA:350,36,0,2
BRDA:350,36,1,2
BRDA:354,37,0,1
BRDA:354,37,1,1
BRDA:359,38,0,0
BRDA:359,38,1,1
BRDA:372,39,0,0
BRDA:372,39,1,2
BRDA:372,40,0,2
BRDA:372,40,1,0
BRDA:381,41,0,0
BRDA:381,41,1,2
BRDA:386,42,0,2
BRDA:386,42,1,0
BRDA:386,43,0,2
BRDA:386,43,1,2
BRDA:421,44,0,25
BRDA:421,44,1,44
BRDA:447,45,0,2
BRDA:447,45,1,0
BRDA:447,45,2,2
BRF:88
BRH:75
end_of_record
